This is pdfTeX, Version 3.141592653-2.6-1.40.26 (TeX Live 2024) (preloaded format=pdflatex 2024.9.29)  27 FEB 2025 11:17
entering extended mode
 restricted \write18 enabled.
 file:line:error style messages enabled.
 %&-line parsing enabled.
**/Users/leon/Desktop/Latex/SOČ_Tepelné_motory/main
(/Users/leon/Desktop/Latex/SOČ_Tepelné_motory/main.tex
LaTeX2e <2024-06-01> patch level 2
L3 programming layer <2024-09-10>
(/usr/local/texlive/2024/texmf-dist/tex/latex/base/article.cls
Document Class: article 2024/02/08 v1.4n Standard LaTeX document class
(/usr/local/texlive/2024/texmf-dist/tex/latex/base/size12.clo
File: size12.clo 2024/02/08 v1.4n Standard LaTeX file (size option)
)
\c@part=\count194
\c@section=\count195
\c@subsection=\count196
\c@subsubsection=\count197
\c@paragraph=\count198
\c@subparagraph=\count199
\c@figure=\count266
\c@table=\count267
\abovecaptionskip=\skip49
\belowcaptionskip=\skip50
\bibindent=\dimen141
) (/usr/local/texlive/2024/texmf-dist/tex/latex/xcolor/xcolor.sty
Package: xcolor 2023/11/15 v3.01 LaTeX color extensions (UK)
 (/usr/local/texlive/2024/texmf-dist/tex/latex/graphics-cfg/color.cfg
File: color.cfg 2016/01/02 v1.6 sample color configuration
)
Package xcolor Info: Driver file: pdftex.def on input line 274.
 (/usr/local/texlive/2024/texmf-dist/tex/latex/graphics-def/pdftex.def
File: pdftex.def 2024/04/13 v1.2c Graphics/color driver for pdftex
) (/usr/local/texlive/2024/texmf-dist/tex/latex/graphics/mathcolor.ltx)
Package xcolor Info: Model `cmy' substituted by `cmy0' on input line 1350.
Package xcolor Info: Model `hsb' substituted by `rgb' on input line 1354.
Package xcolor Info: Model `RGB' extended on input line 1366.
Package xcolor Info: Model `HTML' substituted by `rgb' on input line 1368.
Package xcolor Info: Model `Hsb' substituted by `hsb' on input line 1369.
Package xcolor Info: Model `tHsb' substituted by `hsb' on input line 1370.
Package xcolor Info: Model `HSB' substituted by `hsb' on input line 1371.
Package xcolor Info: Model `Gray' substituted by `gray' on input line 1372.
Package xcolor Info: Model `wave' substituted by `hsb' on input line 1373.
) (/usr/local/texlive/2024/texmf-dist/tex/latex/blindtext/blindtext.sty
Package: blindtext 2012/01/06 V2.0 blindtext-Package
 (/usr/local/texlive/2024/texmf-dist/tex/latex/tools/xspace.sty
Package: xspace 2014/10/28 v1.13 Space after command names (DPC,MH)
)
\c@blindtext=\count268
\c@Blindtext=\count269
\c@blind@countparstart=\count270
\blind@countxx=\count271
\blindtext@numBlindtext=\count272
\blind@countyy=\count273
\c@blindlist=\count274
\c@blindlistlevel=\count275
\c@blindlist@level=\count276
\blind@listitem=\count277
\c@blind@listcount=\count278
\c@blind@levelcount=\count279
\blind@mathformula=\count280
\blind@Mathformula=\count281
\c@blind@randomcount=\count282
\c@blind@randommax=\count283
\c@blind@pangramcount=\count284
\c@blind@pangrammax=\count285
) (/usr/local/texlive/2024/texmf-dist/tex/generic/soul/soul.sty
Package: soul 2023-06-14 v3.1 Permit use of UTF-8 characters in soul (HO)
 (/usr/local/texlive/2024/texmf-dist/tex/generic/soul/soul-ori.sty
Package: soul-ori 2023-06-14 v3.1 letterspacing/underlining (mf)
\SOUL@word=\toks17
\SOUL@lasttoken=\toks18
\SOUL@syllable=\toks19
\SOUL@cmds=\toks20
\SOUL@buffer=\toks21
\SOUL@token=\toks22
\SOUL@syllgoal=\dimen142
\SOUL@syllwidth=\dimen143
\SOUL@charkern=\dimen144
\SOUL@hyphkern=\dimen145
\SOUL@dimen=\dimen146
\SOUL@dimeni=\dimen147
\SOUL@minus=\count286
\SOUL@comma=\count287
\SOUL@apo=\count288
\SOUL@grave=\count289
\SOUL@spaceskip=\skip51
\SOUL@ttwidth=\dimen148
\SOUL@uldp=\dimen149
\SOUL@ulht=\dimen150
) (/usr/local/texlive/2024/texmf-dist/tex/generic/infwarerr/infwarerr.sty
Package: infwarerr 2019/12/03 v1.5 Providing info/warning/error messages (HO)
) (/usr/local/texlive/2024/texmf-dist/tex/generic/etexcmds/etexcmds.sty
Package: etexcmds 2019/12/15 v1.7 Avoid name clashes with e-TeX commands (HO)
 (/usr/local/texlive/2024/texmf-dist/tex/generic/iftex/iftex.sty
Package: iftex 2022/02/03 v1.0f TeX engine tests
))) (/usr/local/texlive/2024/texmf-dist/tex/generic/babel/babel.sty
Package: babel 2024/09/18 v24.10 The Babel package
\babel@savecnt=\count290
\U@D=\dimen151
\l@unhyphenated=\language89
 (/usr/local/texlive/2024/texmf-dist/tex/generic/babel/txtbabel.def)
\bbl@readstream=\read2
\bbl@dirlevel=\count291
 (/usr/local/texlive/2024/texmf-dist/tex/generic/babel-czech/czech.ldf
Language: czech 2008/07/06 v3.1a Czech support from the babel system
Package babel Info: Making " an active character on input line 172.
\cs@wordlen=\count292
Package babel Info: Making - an active character on input line 226.
)) (/usr/local/texlive/2024/texmf-dist/tex/generic/babel/locale/cs/babel-czech.tex
Package babel Info: Importing font and identification data for czech
(babel)             from babel-cs.ini. Reported on input line 11.
) (/usr/local/texlive/2024/texmf-dist/tex/latex/base/inputenc.sty
Package: inputenc 2024/02/08 v1.3d Input encoding file
\inpenc@prehook=\toks23
\inpenc@posthook=\toks24
) (/usr/local/texlive/2024/texmf-dist/tex/latex/base/fontenc.sty
Package: fontenc 2021/04/29 v2.0v Standard LaTeX package
) (/usr/local/texlive/2024/texmf-dist/tex/latex/geometry/geometry.sty
Package: geometry 2020/01/02 v5.9 Page Geometry
 (/usr/local/texlive/2024/texmf-dist/tex/latex/graphics/keyval.sty
Package: keyval 2022/05/29 v1.15 key=value parser (DPC)
\KV@toks@=\toks25
) (/usr/local/texlive/2024/texmf-dist/tex/generic/iftex/ifvtex.sty
Package: ifvtex 2019/10/25 v1.7 ifvtex legacy package. Use iftex instead.
)
\Gm@cnth=\count293
\Gm@cntv=\count294
\c@Gm@tempcnt=\count295
\Gm@bindingoffset=\dimen152
\Gm@wd@mp=\dimen153
\Gm@odd@mp=\dimen154
\Gm@even@mp=\dimen155
\Gm@layoutwidth=\dimen156
\Gm@layoutheight=\dimen157
\Gm@layouthoffset=\dimen158
\Gm@layoutvoffset=\dimen159
\Gm@dimlist=\toks26
) (/usr/local/texlive/2024/texmf-dist/tex/latex/amsmath/amsmath.sty
Package: amsmath 2024/05/23 v2.17q AMS math features
\@mathmargin=\skip52

For additional information on amsmath, use the `?' option.
(/usr/local/texlive/2024/texmf-dist/tex/latex/amsmath/amstext.sty
Package: amstext 2021/08/26 v2.01 AMS text
 (/usr/local/texlive/2024/texmf-dist/tex/latex/amsmath/amsgen.sty
File: amsgen.sty 1999/11/30 v2.0 generic functions
\@emptytoks=\toks27
\ex@=\dimen160
)) (/usr/local/texlive/2024/texmf-dist/tex/latex/amsmath/amsbsy.sty
Package: amsbsy 1999/11/29 v1.2d Bold Symbols
\pmbraise@=\dimen161
) (/usr/local/texlive/2024/texmf-dist/tex/latex/amsmath/amsopn.sty
Package: amsopn 2022/04/08 v2.04 operator names
)
\inf@bad=\count296
LaTeX Info: Redefining \frac on input line 233.
\uproot@=\count297
\leftroot@=\count298
LaTeX Info: Redefining \overline on input line 398.
LaTeX Info: Redefining \colon on input line 409.
\classnum@=\count299
\DOTSCASE@=\count300
LaTeX Info: Redefining \ldots on input line 495.
LaTeX Info: Redefining \dots on input line 498.
LaTeX Info: Redefining \cdots on input line 619.
\Mathstrutbox@=\box52
\strutbox@=\box53
LaTeX Info: Redefining \big on input line 721.
LaTeX Info: Redefining \Big on input line 722.
LaTeX Info: Redefining \bigg on input line 723.
LaTeX Info: Redefining \Bigg on input line 724.
\big@size=\dimen162
LaTeX Font Info:    Redeclaring font encoding OML on input line 742.
LaTeX Font Info:    Redeclaring font encoding OMS on input line 743.
\macc@depth=\count301
LaTeX Info: Redefining \bmod on input line 904.
LaTeX Info: Redefining \pmod on input line 909.
LaTeX Info: Redefining \smash on input line 939.
LaTeX Info: Redefining \relbar on input line 969.
LaTeX Info: Redefining \Relbar on input line 970.
\c@MaxMatrixCols=\count302
\dotsspace@=\muskip17
\c@parentequation=\count303
\dspbrk@lvl=\count304
\tag@help=\toks28
\row@=\count305
\column@=\count306
\maxfields@=\count307
\andhelp@=\toks29
\eqnshift@=\dimen163
\alignsep@=\dimen164
\tagshift@=\dimen165
\tagwidth@=\dimen166
\totwidth@=\dimen167
\lineht@=\dimen168
\@envbody=\toks30
\multlinegap=\skip53
\multlinetaggap=\skip54
\mathdisplay@stack=\toks31
LaTeX Info: Redefining \[ on input line 2953.
LaTeX Info: Redefining \] on input line 2954.
) (/usr/local/texlive/2024/texmf-dist/tex/latex/hyperref/hyperref.sty
Package: hyperref 2024-07-10 v7.01j Hypertext links for LaTeX
 (/usr/local/texlive/2024/texmf-dist/tex/latex/kvsetkeys/kvsetkeys.sty
Package: kvsetkeys 2022-10-05 v1.19 Key value parser (HO)
) (/usr/local/texlive/2024/texmf-dist/tex/generic/kvdefinekeys/kvdefinekeys.sty
Package: kvdefinekeys 2019-12-19 v1.6 Define keys (HO)
) (/usr/local/texlive/2024/texmf-dist/tex/generic/pdfescape/pdfescape.sty
Package: pdfescape 2019/12/09 v1.15 Implements pdfTeX's escape features (HO)
 (/usr/local/texlive/2024/texmf-dist/tex/generic/ltxcmds/ltxcmds.sty
Package: ltxcmds 2023-12-04 v1.26 LaTeX kernel commands for general use (HO)
) (/usr/local/texlive/2024/texmf-dist/tex/generic/pdftexcmds/pdftexcmds.sty
Package: pdftexcmds 2020-06-27 v0.33 Utility functions of pdfTeX for LuaTeX (HO)
Package pdftexcmds Info: \pdf@primitive is available.
Package pdftexcmds Info: \pdf@ifprimitive is available.
Package pdftexcmds Info: \pdfdraftmode found.
)) (/usr/local/texlive/2024/texmf-dist/tex/latex/hycolor/hycolor.sty
Package: hycolor 2020-01-27 v1.10 Color options for hyperref/bookmark (HO)
) (/usr/local/texlive/2024/texmf-dist/tex/latex/hyperref/nameref.sty
Package: nameref 2023-11-26 v2.56 Cross-referencing by name of section
 (/usr/local/texlive/2024/texmf-dist/tex/latex/refcount/refcount.sty
Package: refcount 2019/12/15 v3.6 Data extraction from label references (HO)
) (/usr/local/texlive/2024/texmf-dist/tex/generic/gettitlestring/gettitlestring.sty
Package: gettitlestring 2019/12/15 v1.6 Cleanup title references (HO)
 (/usr/local/texlive/2024/texmf-dist/tex/latex/kvoptions/kvoptions.sty
Package: kvoptions 2022-06-15 v3.15 Key value format for package options (HO)
))
\c@section@level=\count308
) (/usr/local/texlive/2024/texmf-dist/tex/latex/etoolbox/etoolbox.sty
Package: etoolbox 2020/10/05 v2.5k e-TeX tools for LaTeX (JAW)
\etb@tempcnta=\count309
) (/usr/local/texlive/2024/texmf-dist/tex/generic/stringenc/stringenc.sty
Package: stringenc 2019/11/29 v1.12 Convert strings between diff. encodings (HO)
)
\@linkdim=\dimen169
\Hy@linkcounter=\count310
\Hy@pagecounter=\count311
 (/usr/local/texlive/2024/texmf-dist/tex/latex/hyperref/pd1enc.def
File: pd1enc.def 2024-07-10 v7.01j Hyperref: PDFDocEncoding definition (HO)
Now handling font encoding PD1 ...
... no UTF-8 mapping file for font encoding PD1
) (/usr/local/texlive/2024/texmf-dist/tex/generic/intcalc/intcalc.sty
Package: intcalc 2019/12/15 v1.3 Expandable calculations with integers (HO)
)
\Hy@SavedSpaceFactor=\count312
 (/usr/local/texlive/2024/texmf-dist/tex/latex/hyperref/puenc.def
File: puenc.def 2024-07-10 v7.01j Hyperref: PDF Unicode definition (HO)
Now handling font encoding PU ...
... no UTF-8 mapping file for font encoding PU
)
Package hyperref Info: Option `colorlinks' set `true' on input line 4040.
Package hyperref Info: Hyper figures OFF on input line 4157.
Package hyperref Info: Link nesting OFF on input line 4162.
Package hyperref Info: Hyper index ON on input line 4165.
Package hyperref Info: Plain pages OFF on input line 4172.
Package hyperref Info: Backreferencing OFF on input line 4177.
Package hyperref Info: Implicit mode ON; LaTeX internals redefined.
Package hyperref Info: Bookmarks ON on input line 4424.
\c@Hy@tempcnt=\count313
 (/usr/local/texlive/2024/texmf-dist/tex/latex/url/url.sty
\Urlmuskip=\muskip18
Package: url 2013/09/16  ver 3.4  Verb mode for urls, etc.
)
LaTeX Info: Redefining \url on input line 4763.
\XeTeXLinkMargin=\dimen170
 (/usr/local/texlive/2024/texmf-dist/tex/generic/bitset/bitset.sty
Package: bitset 2019/12/09 v1.3 Handle bit-vector datatype (HO)
 (/usr/local/texlive/2024/texmf-dist/tex/generic/bigintcalc/bigintcalc.sty
Package: bigintcalc 2019/12/15 v1.5 Expandable calculations on big integers (HO)
))
\Fld@menulength=\count314
\Field@Width=\dimen171
\Fld@charsize=\dimen172
Package hyperref Info: Hyper figures OFF on input line 6042.
Package hyperref Info: Link nesting OFF on input line 6047.
Package hyperref Info: Hyper index ON on input line 6050.
Package hyperref Info: backreferencing OFF on input line 6057.
Package hyperref Info: Link coloring ON on input line 6060.
Package hyperref Info: Link coloring with OCG OFF on input line 6067.
Package hyperref Info: PDF/A mode OFF on input line 6072.
 (/usr/local/texlive/2024/texmf-dist/tex/latex/base/atbegshi-ltx.sty
Package: atbegshi-ltx 2021/01/10 v1.0c Emulation of the original atbegshi
package with kernel methods
)
\Hy@abspage=\count315
\c@Item=\count316
\c@Hfootnote=\count317
)
Package hyperref Info: Driver (autodetected): hpdftex.
 (/usr/local/texlive/2024/texmf-dist/tex/latex/hyperref/hpdftex.def
File: hpdftex.def 2024-07-10 v7.01j Hyperref driver for pdfTeX
 (/usr/local/texlive/2024/texmf-dist/tex/latex/base/atveryend-ltx.sty
Package: atveryend-ltx 2020/08/19 v1.0a Emulation of the original atveryend package
with kernel methods
)
\Fld@listcount=\count318
\c@bookmark@seq@number=\count319
 (/usr/local/texlive/2024/texmf-dist/tex/latex/rerunfilecheck/rerunfilecheck.sty
Package: rerunfilecheck 2022-07-10 v1.10 Rerun checks for auxiliary files (HO)
 (/usr/local/texlive/2024/texmf-dist/tex/generic/uniquecounter/uniquecounter.sty
Package: uniquecounter 2019/12/15 v1.4 Provide unlimited unique counter (HO)
)
Package uniquecounter Info: New unique counter `rerunfilecheck' on input line 285.
)
\Hy@SectionHShift=\skip55
) (/usr/local/texlive/2024/texmf-dist/tex/latex/biblatex/biblatex.sty
Package: biblatex 2024/03/21 v3.20 programmable bibliographies (PK/MW)
 (/usr/local/texlive/2024/texmf-dist/tex/latex/logreq/logreq.sty
Package: logreq 2010/08/04 v1.0 xml request logger
\lrq@indent=\count320
 (/usr/local/texlive/2024/texmf-dist/tex/latex/logreq/logreq.def
File: logreq.def 2010/08/04 v1.0 logreq spec v1.0
)) (/usr/local/texlive/2024/texmf-dist/tex/latex/base/ifthen.sty
Package: ifthen 2024/03/16 v1.1e Standard LaTeX ifthen package (DPC)
)
\c@tabx@nest=\count321
\c@listtotal=\count322
\c@listcount=\count323
\c@liststart=\count324
\c@liststop=\count325
\c@citecount=\count326
\c@citetotal=\count327
\c@multicitecount=\count328
\c@multicitetotal=\count329
\c@instcount=\count330
\c@maxnames=\count331
\c@minnames=\count332
\c@maxitems=\count333
\c@minitems=\count334
\c@citecounter=\count335
\c@maxcitecounter=\count336
\c@savedcitecounter=\count337
\c@uniquelist=\count338
\c@uniquename=\count339
\c@refsection=\count340
\c@refsegment=\count341
\c@maxextratitle=\count342
\c@maxextratitleyear=\count343
\c@maxextraname=\count344
\c@maxextradate=\count345
\c@maxextraalpha=\count346
\c@abbrvpenalty=\count347
\c@highnamepenalty=\count348
\c@lownamepenalty=\count349
\c@maxparens=\count350
\c@parenlevel=\count351
\blx@tempcnta=\count352
\blx@tempcntb=\count353
\blx@tempcntc=\count354
\c@blx@maxsection=\count355
\blx@maxsegment@0=\count356
\blx@notetype=\count357
\blx@parenlevel@text=\count358
\blx@parenlevel@foot=\count359
\blx@sectionciteorder@0=\count360
\blx@sectionciteorderinternal@0=\count361
\blx@entrysetcounter=\count362
\blx@biblioinstance=\count363
\labelnumberwidth=\skip56
\labelalphawidth=\skip57
\biblabelsep=\skip58
\bibitemsep=\skip59
\bibnamesep=\skip60
\bibinitsep=\skip61
\bibparsep=\skip62
\bibhang=\skip63
\blx@bcfin=\read3
\blx@bcfout=\write3
\blx@langwohyphens=\language90
\c@mincomprange=\count364
\c@maxcomprange=\count365
\c@mincompwidth=\count366
Package biblatex Info: Trying to load biblatex default data model...
Package biblatex Info: ... file 'blx-dm.def' found.
 (/usr/local/texlive/2024/texmf-dist/tex/latex/biblatex/blx-dm.def
File: blx-dm.def 2024/03/21 v3.20 biblatex datamodel (PK/MW)
)
Package biblatex Info: Trying to load biblatex style data model...
Package biblatex Info: ... file 'iso-numeric.dbx' found.
 (/usr/local/texlive/2024/texmf-dist/tex/latex/biblatex-iso690/iso-numeric.dbx
File: iso-numeric.dbx 2022/03/20 v0.4.1 ISO 690 biblatex data model extension
)
Package biblatex Info: Trying to load biblatex custom data model...
Package biblatex Info: ... file 'biblatex-dm.cfg' not found.
\c@afterword=\count367
\c@savedafterword=\count368
\c@annotator=\count369
\c@savedannotator=\count370
\c@author=\count371
\c@savedauthor=\count372
\c@bookauthor=\count373
\c@savedbookauthor=\count374
\c@commentator=\count375
\c@savedcommentator=\count376
\c@editor=\count377
\c@savededitor=\count378
\c@editora=\count379
\c@savededitora=\count380
\c@editorb=\count381
\c@savededitorb=\count382
\c@editorc=\count383
\c@savededitorc=\count384
\c@foreword=\count385
\c@savedforeword=\count386
\c@holder=\count387
\c@savedholder=\count388
\c@introduction=\count389
\c@savedintroduction=\count390
\c@namea=\count391
\c@savednamea=\count392
\c@nameb=\count393
\c@savednameb=\count394
\c@namec=\count395
\c@savednamec=\count396
\c@translator=\count397
\c@savedtranslator=\count398
\c@shortauthor=\count399
\c@savedshortauthor=\count400
\c@shorteditor=\count401
\c@savedshorteditor=\count402
\c@supervisor=\count403
\c@savedsupervisor=\count404
\c@labelname=\count405
\c@savedlabelname=\count406
\c@institution=\count407
\c@savedinstitution=\count408
\c@lista=\count409
\c@savedlista=\count410
\c@listb=\count411
\c@savedlistb=\count412
\c@listc=\count413
\c@savedlistc=\count414
\c@listd=\count415
\c@savedlistd=\count416
\c@liste=\count417
\c@savedliste=\count418
\c@listf=\count419
\c@savedlistf=\count420
\c@location=\count421
\c@savedlocation=\count422
\c@organization=\count423
\c@savedorganization=\count424
\c@origlocation=\count425
\c@savedoriglocation=\count426
\c@origpublisher=\count427
\c@savedorigpublisher=\count428
\c@publisher=\count429
\c@savedpublisher=\count430
\c@language=\count431
\c@savedlanguage=\count432
\c@origlanguage=\count433
\c@savedoriglanguage=\count434
\c@pageref=\count435
\c@savedpageref=\count436
\shorthandwidth=\skip64
\shortjournalwidth=\skip65
\shortserieswidth=\skip66
\shorttitlewidth=\skip67
\shortauthorwidth=\skip68
\shorteditorwidth=\skip69
\locallabelnumberwidth=\skip70
\locallabelalphawidth=\skip71
\localshorthandwidth=\skip72
\localshortjournalwidth=\skip73
\localshortserieswidth=\skip74
\localshorttitlewidth=\skip75
\localshortauthorwidth=\skip76
\localshorteditorwidth=\skip77
Package biblatex Info: Trying to load compatibility code...
Package biblatex Info: ... file 'blx-compat.def' found.
 (/usr/local/texlive/2024/texmf-dist/tex/latex/biblatex/blx-compat.def
File: blx-compat.def 2024/03/21 v3.20 biblatex compatibility (PK/MW)
)
Package biblatex Info: Trying to load generic definitions...
Package biblatex Info: ... file 'biblatex.def' found.
 (/usr/local/texlive/2024/texmf-dist/tex/latex/biblatex/biblatex.def
File: biblatex.def 2024/03/21 v3.20 biblatex compatibility (PK/MW)
\c@textcitecount=\count437
\c@textcitetotal=\count438
\c@textcitemaxnames=\count439
\c@biburlbigbreakpenalty=\count440
\c@biburlbreakpenalty=\count441
\c@biburlnumpenalty=\count442
\c@biburlucpenalty=\count443
\c@biburllcpenalty=\count444
\biburlbigskip=\muskip19
\biburlnumskip=\muskip20
\biburlucskip=\muskip21
\biburllcskip=\muskip22
\c@smartand=\count445
)
Package biblatex Info: Trying to load bibliography style 'iso-numeric'...
Package biblatex Info: ... file 'iso-numeric.bbx' found.
 (/usr/local/texlive/2024/texmf-dist/tex/latex/biblatex-iso690/iso-numeric.bbx
File: iso-numeric.bbx 2022/03/20 v0.4.1 ISO 690 biblatex bibliography style
Package biblatex Info: Trying to load bibliography style 'iso'...
Package biblatex Info: ... file 'iso.bbx' found.
 (/usr/local/texlive/2024/texmf-dist/tex/latex/biblatex-iso690/iso.bbx
File: iso.bbx 2022/03/20 v0.4.1 ISO 690 biblatex bibliography style
Package biblatex-iso690 Info: Space colon enabled: false.
Package biblatex-iso690 Info: Total pages enabled: false.
Package biblatex-iso690 Info: Short numeration enabled: false.
Package biblatex-iso690 Info: Thesis info in the notes section enabled: true.
Package biblatex-iso690 Info: URL field enabled: true.
Package biblatex-iso690 Info: ISBN field enabled: true.
Package biblatex-iso690 Info: DOI field enabled: true.
Package biblatex-iso690 Info: eprint field enabled: true.
Package biblatex-iso690 Info: Article publication info enabled: false.
Package biblatex-iso690 Info: Use current language for the bibliography: false.
Package biblatex-iso690 Info: Use no end dot for the bibliography entries: false.
Package biblatex Info: Delimiter 'multinamedelim' in context '' already defined, overwriting.
Package biblatex Info: Delimiter 'finalnamedelim' in context '' already defined, overwriting.
Package biblatex Info: Delimiter 'editortypedelim' in context '' already defined, overwriting.
Package biblatex Info: Delimiter 'authortypedelim' in context '' already defined, overwriting.
))
Package biblatex Info: Trying to load citation style 'iso-numeric'...
Package biblatex Info: ... file 'iso-numeric.cbx' found.
 (/usr/local/texlive/2024/texmf-dist/tex/latex/biblatex-iso690/iso-numeric.cbx
File: iso-numeric.cbx 2022/03/20 v0.4.1 ISO 690 biblatex citation style
Package biblatex Info: Trying to load citation style 'numeric'...
Package biblatex Info: ... file 'numeric.cbx' found.
 (/usr/local/texlive/2024/texmf-dist/tex/latex/biblatex/cbx/numeric.cbx
File: numeric.cbx 2024/03/21 v3.20 biblatex citation style (PK/MW)
Package biblatex Info: Redefining '\cite'.
Package biblatex Info: Redefining '\parencite'.
Package biblatex Info: Redefining '\footcite'.
Package biblatex Info: Redefining '\footcitetext'.
Package biblatex Info: Redefining '\smartcite'.
Package biblatex Info: Redefining '\supercite'.
Package biblatex Info: Redefining '\textcite'.
Package biblatex Info: Redefining '\textcites'.
Package biblatex Info: Redefining '\cites'.
Package biblatex Info: Redefining '\parencites'.
Package biblatex Info: Redefining '\smartcites'.
)
Package biblatex Info: Trying to load citation style 'iso-fullcite'...
Package biblatex Info: ... file 'iso-fullcite.cbx' found.
 (/usr/local/texlive/2024/texmf-dist/tex/latex/biblatex-iso690/iso-fullcite.cbx
File: iso-fullcite.cbx 2022/03/20 v0.4.1 ISO 690 biblatex fullcite modifications
Package biblatex Info: Redefining '\fullcite'.
Package biblatex Info: Redefining '\footfullcite'.
)
Package biblatex Info: Redefining '\parencite'.
)
Package biblatex Info: Trying to load configuration file...
Package biblatex Info: ... file 'biblatex.cfg' found.
 (/usr/local/texlive/2024/texmf-dist/tex/latex/biblatex/biblatex.cfg
File: biblatex.cfg 
)
Package biblatex Info: Input encoding 'utf8' detected.
Package biblatex Info: Document encoding is UTF8 ....
 (/usr/local/texlive/2024/texmf-dist/tex/latex/l3kernel/expl3.sty
Package: expl3 2024-09-10 L3 programming layer (loader) 
 (/usr/local/texlive/2024/texmf-dist/tex/latex/l3backend/l3backend-pdftex.def
File: l3backend-pdftex.def 2024-05-08 L3 backend support: PDF output (pdfTeX)
\l__color_backend_stack_int=\count446
\l__pdf_internal_box=\box54
))
Package biblatex Info: ... and expl3
(biblatex)             2024-09-10 L3 programming layer (loader) 
(biblatex)             is new enough (at least 2020/04/06),
(biblatex)             setting 'casechanger=expl3'.
 (/usr/local/texlive/2024/texmf-dist/tex/latex/biblatex/blx-case-expl3.sty (/usr/local/texlive/2024/texmf-dist/tex/latex/l3packages/xparse/xparse.sty
Package: xparse 2024-08-16 L3 Experimental document command parser
)
Package: blx-case-expl3 2024/03/21 v3.20 expl3 case changing code for biblatex
)) (/usr/local/texlive/2024/texmf-dist/tex/latex/csquotes/csquotes.sty
Package: csquotes 2024-04-04 v5.2o context-sensitive quotations (JAW)
\csq@reset=\count447
\csq@gtype=\count448
\csq@glevel=\count449
\csq@qlevel=\count450
\csq@maxlvl=\count451
\csq@tshold=\count452
\csq@ltx@everypar=\toks32
 (/usr/local/texlive/2024/texmf-dist/tex/latex/csquotes/csquotes.def
File: csquotes.def 2024-04-04 v5.2o csquotes generic definitions (JAW)
)
Package csquotes Info: Trying to load configuration file 'csquotes.cfg'...
Package csquotes Info: ... configuration file loaded successfully.
 (/usr/local/texlive/2024/texmf-dist/tex/latex/csquotes/csquotes.cfg
File: csquotes.cfg 
)) (/usr/local/texlive/2024/texmf-dist/tex/latex/graphics/graphicx.sty
Package: graphicx 2021/09/16 v1.2d Enhanced LaTeX Graphics (DPC,SPQR)
 (/usr/local/texlive/2024/texmf-dist/tex/latex/graphics/graphics.sty
Package: graphics 2024/05/23 v1.4g Standard LaTeX Graphics (DPC,SPQR)
 (/usr/local/texlive/2024/texmf-dist/tex/latex/graphics/trig.sty
Package: trig 2023/12/02 v1.11 sin cos tan (DPC)
) (/usr/local/texlive/2024/texmf-dist/tex/latex/graphics-cfg/graphics.cfg
File: graphics.cfg 2016/06/04 v1.11 sample graphics configuration
)
Package graphics Info: Driver file: pdftex.def on input line 106.
)
\Gin@req@height=\dimen173
\Gin@req@width=\dimen174
) (/usr/local/texlive/2024/texmf-dist/tex/latex/float/float.sty
Package: float 2001/11/08 v1.3d Float enhancements (AL)
\c@float@type=\count453
\float@exts=\toks33
\float@box=\box55
\@float@everytoks=\toks34
\@floatcapt=\box56
) (/usr/local/texlive/2024/texmf-dist/tex/latex/caption/caption.sty
Package: caption 2023/08/05 v3.6o Customizing captions (AR)
 (/usr/local/texlive/2024/texmf-dist/tex/latex/caption/caption3.sty
Package: caption3 2023/07/31 v2.4d caption3 kernel (AR)
\caption@tempdima=\dimen175
\captionmargin=\dimen176
\caption@leftmargin=\dimen177
\caption@rightmargin=\dimen178
\caption@width=\dimen179
\caption@indent=\dimen180
\caption@parindent=\dimen181
\caption@hangindent=\dimen182
Package caption Info: Standard document class detected.
)
\c@caption@flags=\count454
\c@continuedfloat=\count455
Package caption Info: float package is loaded.
Package caption Info: hyperref package is loaded.
) (/usr/local/texlive/2024/texmf-dist/tex/latex/caption/subcaption.sty
Package: subcaption 2023/07/28 v1.6b Sub-captions (AR)
Package caption Info: New subtype `subfigure' on input line 238.
\c@subfigure=\count456
Package caption Info: New subtype `subtable' on input line 238.
\c@subtable=\count457
) (/usr/local/texlive/2024/texmf-dist/tex/latex/titling/titling.sty
Package: titling 2009/09/04 v2.1d maketitle typesetting
\thanksmarkwidth=\skip78
\thanksmargin=\skip79
\droptitle=\skip80
) (/usr/local/texlive/2024/texmf-dist/tex/latex/enumitem/enumitem.sty
Package: enumitem 2019/06/20 v3.9 Customized lists
\labelindent=\skip81
\enit@outerparindent=\dimen183
\enit@toks=\toks35
\enit@inbox=\box57
\enit@count@id=\count458
\enitdp@description=\count459
) (/usr/local/texlive/2024/texmf-dist/tex/latex/dashrule/dashrule.sty
Package: dashrule 2013/03/28 v1.3 Dashed rules
 (/usr/local/texlive/2024/texmf-dist/tex/latex/ifmtarg/ifmtarg.sty
Package: ifmtarg 2018/04/16 v1.2b check for an empty argument
)
\c@hdr@segments=\count460
) (/usr/local/texlive/2024/texmf-dist/tex/latex/wasysym/wasysym.sty
Package: wasysym 2020/01/19 v2.4 Wasy-2 symbol support package
\symwasy=\mathgroup4
LaTeX Font Info:    Overwriting symbol font `wasy' in version `bold'
(Font)                  U/wasy/m/n --> U/wasy/b/n on input line 93.
) (/usr/local/texlive/2024/texmf-dist/tex/latex/xfrac/xfrac.sty
Package: xfrac 2024-06-04 Split-level fractions
\l__xfrac_slash_box=\box58
\l__xfrac_tmp_box=\box59
\l__xfrac_denominator_bot_sep_dim=\dimen184
\l__xfrac_numerator_bot_sep_dim=\dimen185
\l__xfrac_numerator_top_sep_dim=\dimen186
\l__xfrac_slash_left_sep_dim=\dimen187
\l__xfrac_slash_right_sep_dim=\dimen188
\l__xfrac_slash_left_muskip=\muskip23
\l__xfrac_slash_right_muskip=\muskip24

LaTeX template Info: Declaring template type 'xfrac' taking 3 argument(s) on
(template)           line 100.


LaTeX template Info: Declaring instance 'cmr' of type xfrac on line 392.


LaTeX template Info: Declaring instance 'cmss' of type xfrac on line 392.


LaTeX template Info: Declaring instance 'cmtt' of type xfrac on line 392.

) (/usr/local/texlive/2024/texmf-dist/tex/latex/was/upgreek.sty
Package: upgreek 2003/02/12 v2.0 (WaS)
Package upgreek Info: Using Euler Roman for upright Greek on input line 31.
\symugrf@m=\mathgroup5
LaTeX Font Info:    Overwriting symbol font `ugrf@m' in version `bold'
(Font)                  U/eur/m/n --> U/eur/b/n on input line 38.
) (/usr/local/texlive/2024/texmf-dist/tex/latex/tcolorbox/tcolorbox.sty
Package: tcolorbox 2024/07/10 version 6.3.0 text color boxes
 (/usr/local/texlive/2024/texmf-dist/tex/latex/pgf/frontendlayer/tikz.sty (/usr/local/texlive/2024/texmf-dist/tex/latex/pgf/basiclayer/pgf.sty (/usr/local/texlive/2024/texmf-dist/tex/latex/pgf/utilities/pgfrcs.sty (/usr/local/texlive/2024/texmf-dist/tex/generic/pgf/utilities/pgfutil-common.tex
\pgfutil@everybye=\toks36
\pgfutil@tempdima=\dimen189
\pgfutil@tempdimb=\dimen190
) (/usr/local/texlive/2024/texmf-dist/tex/generic/pgf/utilities/pgfutil-latex.def
\pgfutil@abb=\box60
) (/usr/local/texlive/2024/texmf-dist/tex/generic/pgf/utilities/pgfrcs.code.tex (/usr/local/texlive/2024/texmf-dist/tex/generic/pgf/pgf.revision.tex)
Package: pgfrcs 2023-01-15 v3.1.10 (3.1.10)
))
Package: pgf 2023-01-15 v3.1.10 (3.1.10)
 (/usr/local/texlive/2024/texmf-dist/tex/latex/pgf/basiclayer/pgfcore.sty (/usr/local/texlive/2024/texmf-dist/tex/latex/pgf/systemlayer/pgfsys.sty (/usr/local/texlive/2024/texmf-dist/tex/generic/pgf/systemlayer/pgfsys.code.tex
Package: pgfsys 2023-01-15 v3.1.10 (3.1.10)
 (/usr/local/texlive/2024/texmf-dist/tex/generic/pgf/utilities/pgfkeys.code.tex
\pgfkeys@pathtoks=\toks37
\pgfkeys@temptoks=\toks38
 (/usr/local/texlive/2024/texmf-dist/tex/generic/pgf/utilities/pgfkeyslibraryfiltered.code.tex
\pgfkeys@tmptoks=\toks39
))
\pgf@x=\dimen191
\pgf@y=\dimen192
\pgf@xa=\dimen193
\pgf@ya=\dimen194
\pgf@xb=\dimen195
\pgf@yb=\dimen196
\pgf@xc=\dimen197
\pgf@yc=\dimen198
\pgf@xd=\dimen199
\pgf@yd=\dimen256
\w@pgf@writea=\write4
\r@pgf@reada=\read4
\c@pgf@counta=\count461
\c@pgf@countb=\count462
\c@pgf@countc=\count463
\c@pgf@countd=\count464
\t@pgf@toka=\toks40
\t@pgf@tokb=\toks41
\t@pgf@tokc=\toks42
\pgf@sys@id@count=\count465
 (/usr/local/texlive/2024/texmf-dist/tex/generic/pgf/systemlayer/pgf.cfg
File: pgf.cfg 2023-01-15 v3.1.10 (3.1.10)
)
Driver file for pgf: pgfsys-pdftex.def
 (/usr/local/texlive/2024/texmf-dist/tex/generic/pgf/systemlayer/pgfsys-pdftex.def
File: pgfsys-pdftex.def 2023-01-15 v3.1.10 (3.1.10)
 (/usr/local/texlive/2024/texmf-dist/tex/generic/pgf/systemlayer/pgfsys-common-pdf.def
File: pgfsys-common-pdf.def 2023-01-15 v3.1.10 (3.1.10)
))) (/usr/local/texlive/2024/texmf-dist/tex/generic/pgf/systemlayer/pgfsyssoftpath.code.tex
File: pgfsyssoftpath.code.tex 2023-01-15 v3.1.10 (3.1.10)
\pgfsyssoftpath@smallbuffer@items=\count466
\pgfsyssoftpath@bigbuffer@items=\count467
) (/usr/local/texlive/2024/texmf-dist/tex/generic/pgf/systemlayer/pgfsysprotocol.code.tex
File: pgfsysprotocol.code.tex 2023-01-15 v3.1.10 (3.1.10)
)) (/usr/local/texlive/2024/texmf-dist/tex/generic/pgf/basiclayer/pgfcore.code.tex
Package: pgfcore 2023-01-15 v3.1.10 (3.1.10)
 (/usr/local/texlive/2024/texmf-dist/tex/generic/pgf/math/pgfmath.code.tex (/usr/local/texlive/2024/texmf-dist/tex/generic/pgf/math/pgfmathutil.code.tex) (/usr/local/texlive/2024/texmf-dist/tex/generic/pgf/math/pgfmathparser.code.tex
\pgfmath@dimen=\dimen257
\pgfmath@count=\count468
\pgfmath@box=\box61
\pgfmath@toks=\toks43
\pgfmath@stack@operand=\toks44
\pgfmath@stack@operation=\toks45
) (/usr/local/texlive/2024/texmf-dist/tex/generic/pgf/math/pgfmathfunctions.code.tex) (/usr/local/texlive/2024/texmf-dist/tex/generic/pgf/math/pgfmathfunctions.basic.code.tex) (/usr/local/texlive/2024/texmf-dist/tex/generic/pgf/math/pgfmathfunctions.trigonometric.code.tex) (/usr/local/texlive/2024/texmf-dist/tex/generic/pgf/math/pgfmathfunctions.random.code.tex) (/usr/local/texlive/2024/texmf-dist/tex/generic/pgf/math/pgfmathfunctions.comparison.code.tex) (/usr/local/texlive/2024/texmf-dist/tex/generic/pgf/math/pgfmathfunctions.base.code.tex) (/usr/local/texlive/2024/texmf-dist/tex/generic/pgf/math/pgfmathfunctions.round.code.tex) (/usr/local/texlive/2024/texmf-dist/tex/generic/pgf/math/pgfmathfunctions.misc.code.tex) (/usr/local/texlive/2024/texmf-dist/tex/generic/pgf/math/pgfmathfunctions.integerarithmetics.code.tex) (/usr/local/texlive/2024/texmf-dist/tex/generic/pgf/math/pgfmathcalc.code.tex) (/usr/local/texlive/2024/texmf-dist/tex/generic/pgf/math/pgfmathfloat.code.tex
\c@pgfmathroundto@lastzeros=\count469
)) (/usr/local/texlive/2024/texmf-dist/tex/generic/pgf/math/pgfint.code.tex) (/usr/local/texlive/2024/texmf-dist/tex/generic/pgf/basiclayer/pgfcorepoints.code.tex
File: pgfcorepoints.code.tex 2023-01-15 v3.1.10 (3.1.10)
\pgf@picminx=\dimen258
\pgf@picmaxx=\dimen259
\pgf@picminy=\dimen260
\pgf@picmaxy=\dimen261
\pgf@pathminx=\dimen262
\pgf@pathmaxx=\dimen263
\pgf@pathminy=\dimen264
\pgf@pathmaxy=\dimen265
\pgf@xx=\dimen266
\pgf@xy=\dimen267
\pgf@yx=\dimen268
\pgf@yy=\dimen269
\pgf@zx=\dimen270
\pgf@zy=\dimen271
) (/usr/local/texlive/2024/texmf-dist/tex/generic/pgf/basiclayer/pgfcorepathconstruct.code.tex
File: pgfcorepathconstruct.code.tex 2023-01-15 v3.1.10 (3.1.10)
\pgf@path@lastx=\dimen272
\pgf@path@lasty=\dimen273
) (/usr/local/texlive/2024/texmf-dist/tex/generic/pgf/basiclayer/pgfcorepathusage.code.tex
File: pgfcorepathusage.code.tex 2023-01-15 v3.1.10 (3.1.10)
\pgf@shorten@end@additional=\dimen274
\pgf@shorten@start@additional=\dimen275
) (/usr/local/texlive/2024/texmf-dist/tex/generic/pgf/basiclayer/pgfcorescopes.code.tex
File: pgfcorescopes.code.tex 2023-01-15 v3.1.10 (3.1.10)
\pgfpic=\box62
\pgf@hbox=\box63
\pgf@layerbox@main=\box64
\pgf@picture@serial@count=\count470
) (/usr/local/texlive/2024/texmf-dist/tex/generic/pgf/basiclayer/pgfcoregraphicstate.code.tex
File: pgfcoregraphicstate.code.tex 2023-01-15 v3.1.10 (3.1.10)
\pgflinewidth=\dimen276
) (/usr/local/texlive/2024/texmf-dist/tex/generic/pgf/basiclayer/pgfcoretransformations.code.tex
File: pgfcoretransformations.code.tex 2023-01-15 v3.1.10 (3.1.10)
\pgf@pt@x=\dimen277
\pgf@pt@y=\dimen278
\pgf@pt@temp=\dimen279
) (/usr/local/texlive/2024/texmf-dist/tex/generic/pgf/basiclayer/pgfcorequick.code.tex
File: pgfcorequick.code.tex 2023-01-15 v3.1.10 (3.1.10)
) (/usr/local/texlive/2024/texmf-dist/tex/generic/pgf/basiclayer/pgfcoreobjects.code.tex
File: pgfcoreobjects.code.tex 2023-01-15 v3.1.10 (3.1.10)
) (/usr/local/texlive/2024/texmf-dist/tex/generic/pgf/basiclayer/pgfcorepathprocessing.code.tex
File: pgfcorepathprocessing.code.tex 2023-01-15 v3.1.10 (3.1.10)
) (/usr/local/texlive/2024/texmf-dist/tex/generic/pgf/basiclayer/pgfcorearrows.code.tex
File: pgfcorearrows.code.tex 2023-01-15 v3.1.10 (3.1.10)
\pgfarrowsep=\dimen280
) (/usr/local/texlive/2024/texmf-dist/tex/generic/pgf/basiclayer/pgfcoreshade.code.tex
File: pgfcoreshade.code.tex 2023-01-15 v3.1.10 (3.1.10)
\pgf@max=\dimen281
\pgf@sys@shading@range@num=\count471
\pgf@shadingcount=\count472
) (/usr/local/texlive/2024/texmf-dist/tex/generic/pgf/basiclayer/pgfcoreimage.code.tex
File: pgfcoreimage.code.tex 2023-01-15 v3.1.10 (3.1.10)
) (/usr/local/texlive/2024/texmf-dist/tex/generic/pgf/basiclayer/pgfcoreexternal.code.tex
File: pgfcoreexternal.code.tex 2023-01-15 v3.1.10 (3.1.10)
\pgfexternal@startupbox=\box65
) (/usr/local/texlive/2024/texmf-dist/tex/generic/pgf/basiclayer/pgfcorelayers.code.tex
File: pgfcorelayers.code.tex 2023-01-15 v3.1.10 (3.1.10)
) (/usr/local/texlive/2024/texmf-dist/tex/generic/pgf/basiclayer/pgfcoretransparency.code.tex
File: pgfcoretransparency.code.tex 2023-01-15 v3.1.10 (3.1.10)
) (/usr/local/texlive/2024/texmf-dist/tex/generic/pgf/basiclayer/pgfcorepatterns.code.tex
File: pgfcorepatterns.code.tex 2023-01-15 v3.1.10 (3.1.10)
) (/usr/local/texlive/2024/texmf-dist/tex/generic/pgf/basiclayer/pgfcorerdf.code.tex
File: pgfcorerdf.code.tex 2023-01-15 v3.1.10 (3.1.10)
))) (/usr/local/texlive/2024/texmf-dist/tex/generic/pgf/modules/pgfmoduleshapes.code.tex
File: pgfmoduleshapes.code.tex 2023-01-15 v3.1.10 (3.1.10)
\pgfnodeparttextbox=\box66
) (/usr/local/texlive/2024/texmf-dist/tex/generic/pgf/modules/pgfmoduleplot.code.tex
File: pgfmoduleplot.code.tex 2023-01-15 v3.1.10 (3.1.10)
) (/usr/local/texlive/2024/texmf-dist/tex/latex/pgf/compatibility/pgfcomp-version-0-65.sty
Package: pgfcomp-version-0-65 2023-01-15 v3.1.10 (3.1.10)
\pgf@nodesepstart=\dimen282
\pgf@nodesepend=\dimen283
) (/usr/local/texlive/2024/texmf-dist/tex/latex/pgf/compatibility/pgfcomp-version-1-18.sty
Package: pgfcomp-version-1-18 2023-01-15 v3.1.10 (3.1.10)
)) (/usr/local/texlive/2024/texmf-dist/tex/latex/pgf/utilities/pgffor.sty (/usr/local/texlive/2024/texmf-dist/tex/latex/pgf/utilities/pgfkeys.sty (/usr/local/texlive/2024/texmf-dist/tex/generic/pgf/utilities/pgfkeys.code.tex)) (/usr/local/texlive/2024/texmf-dist/tex/latex/pgf/math/pgfmath.sty (/usr/local/texlive/2024/texmf-dist/tex/generic/pgf/math/pgfmath.code.tex)) (/usr/local/texlive/2024/texmf-dist/tex/generic/pgf/utilities/pgffor.code.tex
Package: pgffor 2023-01-15 v3.1.10 (3.1.10)
\pgffor@iter=\dimen284
\pgffor@skip=\dimen285
\pgffor@stack=\toks46
\pgffor@toks=\toks47
)) (/usr/local/texlive/2024/texmf-dist/tex/generic/pgf/frontendlayer/tikz/tikz.code.tex
Package: tikz 2023-01-15 v3.1.10 (3.1.10)
 (/usr/local/texlive/2024/texmf-dist/tex/generic/pgf/libraries/pgflibraryplothandlers.code.tex
File: pgflibraryplothandlers.code.tex 2023-01-15 v3.1.10 (3.1.10)
\pgf@plot@mark@count=\count473
\pgfplotmarksize=\dimen286
)
\tikz@lastx=\dimen287
\tikz@lasty=\dimen288
\tikz@lastxsaved=\dimen289
\tikz@lastysaved=\dimen290
\tikz@lastmovetox=\dimen291
\tikz@lastmovetoy=\dimen292
\tikzleveldistance=\dimen293
\tikzsiblingdistance=\dimen294
\tikz@figbox=\box67
\tikz@figbox@bg=\box68
\tikz@tempbox=\box69
\tikz@tempbox@bg=\box70
\tikztreelevel=\count474
\tikznumberofchildren=\count475
\tikznumberofcurrentchild=\count476
\tikz@fig@count=\count477
 (/usr/local/texlive/2024/texmf-dist/tex/generic/pgf/modules/pgfmodulematrix.code.tex
File: pgfmodulematrix.code.tex 2023-01-15 v3.1.10 (3.1.10)
\pgfmatrixcurrentrow=\count478
\pgfmatrixcurrentcolumn=\count479
\pgf@matrix@numberofcolumns=\count480
)
\tikz@expandcount=\count481
 (/usr/local/texlive/2024/texmf-dist/tex/generic/pgf/frontendlayer/tikz/libraries/tikzlibrarytopaths.code.tex
File: tikzlibrarytopaths.code.tex 2023-01-15 v3.1.10 (3.1.10)
)))
(/usr/local/texlive/2024/texmf-dist/tex/latex/tools/verbatim.sty
Package: verbatim 2024-01-22 v1.5x LaTeX2e package for verbatim enhancements
\every@verbatim=\toks48
\verbatim@line=\toks49
\verbatim@in@stream=\read5
) (/usr/local/texlive/2024/texmf-dist/tex/latex/environ/environ.sty
Package: environ 2014/05/04 v0.3 A new way to define environments
 (/usr/local/texlive/2024/texmf-dist/tex/latex/trimspaces/trimspaces.sty
Package: trimspaces 2009/09/17 v1.1 Trim spaces around a token list
))
\tcb@titlebox=\box71
\tcb@upperbox=\box72
\tcb@lowerbox=\box73
\tcb@phantombox=\box74
\c@tcbbreakpart=\count482
\c@tcblayer=\count483
\c@tcolorbox@number=\count484
\l__tcobox_tmpa_box=\box75
\l__tcobox_tmpa_dim=\dimen295
\tcb@temp=\box76
\tcb@temp=\box77
\tcb@temp=\box78
\tcb@temp=\box79
) (/usr/local/texlive/2024/texmf-dist/tex/latex/pdfpages/pdfpages.sty
Package: pdfpages 2024/08/20 v0.6b Insert pages of external PDF documents (AM)
 (/usr/local/texlive/2024/texmf-dist/tex/latex/tools/calc.sty
Package: calc 2023/07/08 v4.3 Infix arithmetic (KKT,FJ)
\calc@Acount=\count485
\calc@Bcount=\count486
\calc@Adimen=\dimen296
\calc@Bdimen=\dimen297
\calc@Askip=\skip82
\calc@Bskip=\skip83
LaTeX Info: Redefining \setlength on input line 80.
LaTeX Info: Redefining \addtolength on input line 81.
\calc@Ccount=\count487
\calc@Cskip=\skip84
) (/usr/local/texlive/2024/texmf-dist/tex/latex/eso-pic/eso-pic.sty
Package: eso-pic 2023/05/03 v3.0c eso-pic (RN)
\ESO@tempdima=\dimen298
\ESO@tempdimb=\dimen299
)
\AM@pagewidth=\dimen300
\AM@pageheight=\dimen301
\AM@fboxrule=\dimen302
 (/usr/local/texlive/2024/texmf-dist/tex/latex/pdfpages/pppdftex.def
File: pppdftex.def 2024/08/20 v0.6b Pdfpages driver for pdfTeX (AM)
)
\pdfpages@includegraphics@status=\count488
\AM@pagebox=\box80
\AM@global@opts=\toks50
\AM@pagecnt=\count489
\AM@toc@title=\toks51
\AM@lof@heading=\toks52
\c@AM@survey=\count490
\AM@templatesizebox=\box81
) (/usr/local/texlive/2024/texmf-dist/tex/latex/fancybox/fancybox.sty
Package: fancybox 2010/05/15 1.4

Style option: `fancybox' v1.4 <2010/05/15> (tvz)
\@fancybox=\box82
\shadowsize=\dimen303
\@Sbox=\box83
\do@VerbBox=\toks53
\the@fancyput=\toks54
\this@fancyput=\toks55
\EndVerbatimTokens=\toks56
\Verbatim@Outfile=\write5
\Verbatim@Infile=\read6
) (/usr/local/texlive/2024/texmf-dist/tex/latex/framed/framed.sty
Package: framed 2011/10/22 v 0.96: framed or shaded text with page breaks
\OuterFrameSep=\skip85
\fb@frw=\dimen304
\fb@frh=\dimen305
\FrameRule=\dimen306
\FrameSep=\dimen307
) (/usr/local/texlive/2024/texmf-dist/tex/latex/attachfile2/attachfile2.sty
Package: attachfile2 2024-01-18 v2.12 Attach files into PDF (HO)
 (/usr/local/texlive/2024/texmf-dist/tex/latex/attachfile2/atfi-pdftex.def
File: atfi-pdftex.def 2024-01-18 v2.12 attachfile2 driver for pdfTeX (HO)
) (./main.atfi)
\atfi@stream=\write6
\openout6 = `main.atfi'.

\atfi@appearancewidth=\skip86
\atfi@appearanceheight=\skip87
\atfi@appearancedepth=\skip88
\atfi@appearancebox=\box84
\c@atfi@flags=\count491
) (/usr/local/texlive/2024/texmf-dist/tex/generic/pgf/frontendlayer/tikz/libraries/tikzlibraryfadings.code.tex
File: tikzlibraryfadings.code.tex 2023-01-15 v3.1.10 (3.1.10)
 (/usr/local/texlive/2024/texmf-dist/tex/generic/pgf/libraries/pgflibraryfadings.code.tex
File: pgflibraryfadings.code.tex 2023-01-15 v3.1.10 (3.1.10)
)) (/usr/local/texlive/2024/texmf-dist/tex/generic/ulem/ulem.sty
\UL@box=\box85
\UL@hyphenbox=\box86
\UL@skip=\skip89
\UL@hook=\toks57
\UL@height=\dimen308
\UL@pe=\count492
\UL@pixel=\dimen309
\ULC@box=\box87
Package: ulem 2019/11/18
\ULdepth=\dimen310
) (/usr/local/texlive/2024/texmf-dist/tex/latex/colortbl/colortbl.sty
Package: colortbl 2024/07/06 v1.0i Color table columns (DPC)
 (/usr/local/texlive/2024/texmf-dist/tex/latex/tools/array.sty
Package: array 2024/06/14 v2.6d Tabular extension package (FMi)
\col@sep=\dimen311
\ar@mcellbox=\box88
\extrarowheight=\dimen312
\NC@list=\toks58
\extratabsurround=\skip90
\backup@length=\skip91
\ar@cellbox=\box89
)
\everycr=\toks59
\minrowclearance=\skip92
\rownum=\count493
) (/usr/local/texlive/2024/texmf-dist/tex/latex/tools/tabularx.sty
Package: tabularx 2023/12/11 v2.12a `tabularx' package (DPC)
\TX@col@width=\dimen313
\TX@old@table=\dimen314
\TX@old@col=\dimen315
\TX@target=\dimen316
\TX@delta=\dimen317
\TX@cols=\count494
\TX@ftn=\toks60
) (/usr/local/texlive/2024/texmf-dist/tex/latex/diagbox/diagbox.sty
Package: diagbox 2020/02/09 v2.3 Making table heads with diagonal lines
 (/usr/local/texlive/2024/texmf-dist/tex/latex/pict2e/pict2e.sty
Package: pict2e 2020/09/30 v0.4b Improved picture commands (HjG,RN,JT)
 (/usr/local/texlive/2024/texmf-dist/tex/latex/pict2e/pict2e.cfg
File: pict2e.cfg 2016/02/05 v0.1u pict2e configuration for teTeX/TeXLive
)
Package pict2e Info: Driver file: pdftex.def on input line 112.
Package pict2e Info: Driver file for pict2e: p2e-pdftex.def on input line 114.
 (/usr/local/texlive/2024/texmf-dist/tex/latex/pict2e/p2e-pdftex.def
File: p2e-pdftex.def 2016/02/05 v0.1u Driver-dependant file (RN,HjG,JT)
)
\pIIe@GRAPH=\toks61
\@arclen=\dimen318
\@arcrad=\dimen319
\pIIe@tempdima=\dimen320
\pIIe@tempdimb=\dimen321
\pIIe@tempdimc=\dimen322
\pIIe@tempdimd=\dimen323
\pIIe@tempdime=\dimen324
\pIIe@tempdimf=\dimen325
)
\diagbox@boxa=\box90
\diagbox@boxb=\box91
\diagbox@boxm=\box92
\diagbox@wd=\dimen326
\diagbox@ht=\dimen327
\diagbox@insepl=\dimen328
\diagbox@insepr=\dimen329
\diagbox@outsepl=\dimen330
\diagbox@outsepr=\dimen331
) (/usr/local/texlive/2024/texmf-dist/tex/latex/tex-gyre/tgtermes.sty
Package: tgtermes 2009/09/27 v1.2 TeX Gyre Termes as default roman family
) (/usr/local/texlive/2024/texmf-dist/tex/generic/pgf/frontendlayer/tikz/libraries/tikzlibrarypatterns.code.tex
File: tikzlibrarypatterns.code.tex 2023-01-15 v3.1.10 (3.1.10)
 (/usr/local/texlive/2024/texmf-dist/tex/generic/pgf/libraries/pgflibrarypatterns.code.tex
File: pgflibrarypatterns.code.tex 2023-01-15 v3.1.10 (3.1.10)
LaTeX Font Info:    Trying to load font information for T1+qtm on input line 21.
 (/usr/local/texlive/2024/texmf-dist/tex/latex/tex-gyre/t1qtm.fd
File: t1qtm.fd 2009/09/25 v1.2 font definition file for T1/qtm
))) (/usr/local/texlive/2024/texmf-dist/tex/latex/anyfontsize/anyfontsize.sty
Package: anyfontsize 2007/11/22 anyfontsize.sty by pts
) (/usr/local/texlive/2024/texmf-dist/tex/latex/titlesec/titlesec.sty
Package: titlesec 2023/10/27 v2.16 Sectioning titles
\ttl@box=\box93
\beforetitleunit=\skip93
\aftertitleunit=\skip94
\ttl@plus=\dimen332
\ttl@minus=\dimen333
\ttl@toksa=\toks62
\titlewidth=\dimen334
\titlewidthlast=\dimen335
\titlewidthfirst=\dimen336
) (/usr/local/texlive/2024/texmf-dist/tex/latex/subfiles/subfiles.sty
Package: subfiles 2020/11/14 v2.2 Multi-file projects (package)
 (/usr/local/texlive/2024/texmf-dist/tex/latex/import/import.sty
Package: import 2020/04/01  v 6.2
))
Package csquotes Info: Checking for multilingual support...
Package csquotes Info: ... found 'babel' package.
Package csquotes Info: Adjusting default style.
Package csquotes Info: Redefining alias 'default' -> 'czech'.
 (./main.aux (./sections/uvodniStrany.aux) (./sections/teorieTepelnychMotoru.aux) (./sections/parniMotory.aux) (./sections/spalovaciMotory.aux) (./sections/reaktivniMotory.aux) (./sections/praktickaCast.aux) (./sections/animace.aux) (./sections/videa.aux) (./sections/prezentace.aux) (./sections/pracovniListy.aux) (./sections/pouzitiVPraxi.aux) (./sections/zaver.aux) (./sections/zdroje.aux) (./sections/seznamPriloh.aux) (./sections/prilohy.aux))
\openout1 = `main.aux'.

LaTeX Font Info:    Checking defaults for OML/cmm/m/it on input line 363.
LaTeX Font Info:    ... okay on input line 363.
LaTeX Font Info:    Checking defaults for OMS/cmsy/m/n on input line 363.
LaTeX Font Info:    ... okay on input line 363.
LaTeX Font Info:    Checking defaults for OT1/cmr/m/n on input line 363.
LaTeX Font Info:    ... okay on input line 363.
LaTeX Font Info:    Checking defaults for T1/cmr/m/n on input line 363.
LaTeX Font Info:    ... okay on input line 363.
LaTeX Font Info:    Checking defaults for TS1/cmr/m/n on input line 363.
LaTeX Font Info:    ... okay on input line 363.
LaTeX Font Info:    Checking defaults for OMX/cmex/m/n on input line 363.
LaTeX Font Info:    ... okay on input line 363.
LaTeX Font Info:    Checking defaults for U/cmr/m/n on input line 363.
LaTeX Font Info:    ... okay on input line 363.
LaTeX Font Info:    Checking defaults for PD1/pdf/m/n on input line 363.
LaTeX Font Info:    ... okay on input line 363.
LaTeX Font Info:    Checking defaults for PU/pdf/m/n on input line 363.
LaTeX Font Info:    ... okay on input line 363.
 (/usr/local/texlive/2024/texmf-dist/tex/context/base/mkii/supp-pdf.mkii
[Loading MPS to PDF converter (version 2006.09.02).]
\scratchcounter=\count495
\scratchdimen=\dimen337
\scratchbox=\box94
\nofMPsegments=\count496
\nofMParguments=\count497
\everyMPshowfont=\toks63
\MPscratchCnt=\count498
\MPscratchDim=\dimen338
\MPnumerator=\count499
\makeMPintoPDFobject=\count500
\everyMPtoPDFconversion=\toks64
) (/usr/local/texlive/2024/texmf-dist/tex/latex/epstopdf-pkg/epstopdf-base.sty
Package: epstopdf-base 2020-01-24 v2.11 Base part for package epstopdf
Package epstopdf-base Info: Redefining graphics rule for `.eps' on input line 485.
 (/usr/local/texlive/2024/texmf-dist/tex/latex/latexconfig/epstopdf-sys.cfg
File: epstopdf-sys.cfg 2010/07/13 v1.3 Configuration of (r)epstopdf for TeX Live
))
*geometry* driver: auto-detecting
*geometry* detected driver: pdftex
*geometry* verbose mode - [ preamble ] result:
* driver: pdftex
* paper: a4paper
* layout: <same size as paper>
* layoutoffset:(h,v)=(0.0pt,0.0pt)
* modes: 
* h-part:(L,W,R)=(71.13188pt, 455.24411pt, 71.13188pt)
* v-part:(T,H,B)=(85.35826pt, 688.5567pt, 71.13188pt)
* \paperwidth=597.50787pt
* \paperheight=845.04684pt
* \textwidth=455.24411pt
* \textheight=688.5567pt
* \oddsidemargin=-1.1381pt
* \evensidemargin=-1.1381pt
* \topmargin=-23.91173pt
* \headheight=12.0pt
* \headsep=25.0pt
* \topskip=12.0pt
* \footskip=30.0pt
* \marginparwidth=44.0pt
* \marginparsep=10.0pt
* \columnsep=10.0pt
* \skip\footins=10.8pt plus 4.0pt minus 2.0pt
* \hoffset=0.0pt
* \voffset=0.0pt
* \mag=1000
* \@twocolumnfalse
* \@twosidefalse
* \@mparswitchfalse
* \@reversemarginfalse
* (1in=72.27pt=25.4mm, 1cm=28.453pt)

Package hyperref Info: Link coloring ON on input line 363.
(./main.out) (./main.out)
\@outlinefile=\write7
\openout7 = `main.out'.

Package biblatex Info: Trying to load language 'czech' -> 'czech-iso'...
Package biblatex Info: ... file 'czech-iso.lbx' found.
 (/usr/local/texlive/2024/texmf-dist/tex/latex/biblatex-iso690/czech-iso.lbx
File: czech-iso.lbx 2022/03/20 v0.4.1 ISO 690 extended biblatex localization
Package biblatex Info: Trying to load language 'czech'...
Package biblatex Info: ... file 'czech.lbx' found.
 (/usr/local/texlive/2024/texmf-dist/tex/latex/biblatex/lbx/czech.lbx
File: czech.lbx 2024/03/21 v3.20 biblatex localization (PK/MW)
)
Package biblatex Info: Trying to load language 'czech'...
Package biblatex Info: ... file 'czech.lbx' found.
 (/usr/local/texlive/2024/texmf-dist/tex/latex/biblatex/lbx/czech.lbx
File: czech.lbx 2024/03/21 v3.20 biblatex localization (PK/MW)
))
Package biblatex Info: Input encoding 'utf8' detected.
Package biblatex Info: Automatic encoding selection.
(biblatex)             Assuming data encoding 'utf8'.
\openout3 = `main.bcf'.

Package biblatex Info: Trying to load bibliographic data...
Package biblatex Info: ... file 'main.bbl' found.
 (./main.bbl)
Package biblatex Info: Reference section=0 on input line 363.
Package biblatex Info: Reference segment=0 on input line 363.
Package caption Info: Begin \AtBeginDocument code.
Package caption Info: End \AtBeginDocument code.
 (/usr/local/texlive/2024/texmf-dist/tex/latex/pdflscape/pdflscape.sty
Package: pdflscape 2022-10-27 v0.13 Display of landscape pages in PDF
 (/usr/local/texlive/2024/texmf-dist/tex/latex/pdflscape/pdflscape-nometadata.sty
Package: pdflscape-nometadata 2022-10-28 v0.13 Display of landscape pages in PDF (HO)
 (/usr/local/texlive/2024/texmf-dist/tex/latex/graphics/lscape.sty
Package: lscape 2020/05/28 v3.02 Landscape Pages (DPC)
)
Package pdflscape Info: Auto-detected driver: pdftex on input line 81.
))
\openout2 = `sections/uvodniStrany.aux'.

 (./sections/uvodniStrany.tex (/usr/local/texlive/2024/texmf-dist/tex/latex/wasysym/uwasy.fd)

[1


{/usr/local/texlive/2024/texmf-var/fonts/map/pdftex/updmap/pdftex.map}{/usr/local/texlive/2024/texmf-dist/fonts/enc/dvips/tex-gyre/q-ec.enc}]
<images/logo.png, id=306, 225.84375pt x 225.84375pt>
File: images/logo.png Graphic file (type png)
<use images/logo.png>
Package pdftex.def Info: images/logo.png  used on input line 43.
(pdftex.def)             Requested size: 90.33589pt x 90.33589pt.


[2 <./images/logo.png>]

[3]

[4]

[5] (./main.toc

[6])
\tf@toc=\write8
\openout8 = `main.toc'.



[7]
LaTeX Font Info:    Trying to load font information for T1+cmtt on input line 94.
 (/usr/local/texlive/2024/texmf-dist/tex/latex/base/t1cmtt.fd
File: t1cmtt.fd 2023/04/13 v2.5m Standard LaTeX font definitions
))

[8{/usr/local/texlive/2024/texmf-dist/fonts/enc/dvips/cm-super/cm-super-t1.enc}]
\openout2 = `sections/teorieTepelnychMotoru.aux'.

 (./sections/teorieTepelnychMotoru.tex)

[9



]
\openout2 = `sections/parniMotory.aux'.

 (./sections/parniMotory.tex

[10



])

[11]
\openout2 = `sections/spalovaciMotory.aux'.

 (./sections/spalovaciMotory.tex

[12



]
Overfull \hbox (14.90997pt too wide) in paragraph at lines 33--112
[]  [] 
 []



[13]
LaTeX Font Info:    Trying to load font information for TS1+qtm on input line 124.
 (/usr/local/texlive/2024/texmf-dist/tex/latex/tex-gyre/ts1qtm.fd
File: ts1qtm.fd 2009/09/25 v1.2 font definition file for TS1/qtm
)
Overfull \hbox (14.90997pt too wide) in paragraph at lines 132--212
[]  [] 
 []



[14{/usr/local/texlive/2024/texmf-dist/fonts/enc/dvips/tex-gyre/q-ts1.enc}]

[15])

[16]
\openout2 = `sections/reaktivniMotory.aux'.

 (./sections/reaktivniMotory.tex

[17



]

[18]

[19])

[20]
\openout2 = `sections/praktickaCast.aux'.

 (./sections/praktickaCast.tex)

[21



]
\openout2 = `sections/animace.aux'.

 (./sections/animace.tex
<images/pistBok.png, id=609, 1150.2975pt x 794.2172pt>
File: images/pistBok.png Graphic file (type png)
<use images/pistBok.png>
Package pdftex.def Info: images/pistBok.png  used on input line 9.
(pdftex.def)             Requested size: 218.55879pt x 150.90283pt.
<images/pist.png, id=610, 761.84625pt x 778.40813pt>
File: images/pist.png Graphic file (type png)
<use images/pist.png>
Package pdftex.def Info: images/pist.png  used on input line 15.
(pdftex.def)             Requested size: 152.36655pt x 155.67886pt.
<images/NodeUkazka.png, id=612, 1541.00719pt x 842.39719pt>
File: images/NodeUkazka.png Graphic file (type png)
<use images/NodeUkazka.png>
Package pdftex.def Info: images/NodeUkazka.png  used on input line 25.
(pdftex.def)             Requested size: 385.25085pt x 210.59877pt.


[22



 <./images/pistBok.png> <./images/pist.png> <./images/NodeUkazka.png>]
<images/1.9TDImodelUkazka.png, id=624, 1084.05pt x 1084.05pt>
File: images/1.9TDImodelUkazka.png Graphic file (type png)
<use images/1.9TDImodelUkazka.png>
Package pdftex.def Info: images/1.9TDImodelUkazka.png  used on input line 38.
(pdftex.def)             Requested size: 216.80615pt x 216.80615pt.

Overfull \hbox (11.9477pt too wide) in paragraph at lines 38--39
 [][] 
 []

<images/1.9TDImodelMaterialy.png, id=625, 1084.05pt x 1084.05pt>
File: images/1.9TDImodelMaterialy.png Graphic file (type png)
<use images/1.9TDImodelMaterialy.png>
Package pdftex.def Info: images/1.9TDImodelMaterialy.png  used on input line 45.
(pdftex.def)             Requested size: 216.80615pt x 216.80615pt.

Overfull \hbox (11.9477pt too wide) in paragraph at lines 45--46
 [][] 
 []

<images/geometryNodeUkazka.png, id=627, 1300.86pt x 393.72093pt>
File: images/geometryNodeUkazka.png Graphic file (type png)
<use images/geometryNodeUkazka.png>
Package pdftex.def Info: images/geometryNodeUkazka.png  used on input line 56.
(pdftex.def)             Requested size: 455.30783pt x 137.80438pt.


[23 <./images/1.9TDImodelUkazka.png> <./images/1.9TDImodelMaterialy.png> <./images/geometryNodeUkazka.png>]
<images/cary.png, id=638, 542.77782pt x 502.87875pt>
File: images/cary.png Graphic file (type png)
<use images/cary.png>
Package pdftex.def Info: images/cary.png  used on input line 69.
(pdftex.def)             Requested size: 189.97508pt x 176.0102pt.
<images/1.9TDI1.png, id=642, 1927.2pt x 1084.05pt>
File: images/1.9TDI1.png Graphic file (type png)
<use images/1.9TDI1.png>
Package pdftex.def Info: images/1.9TDI1.png  used on input line 79.
(pdftex.def)             Requested size: 211.99266pt x 119.24586pt.
<images/1.9TDI2.png, id=643, 1927.2pt x 1084.05pt>
File: images/1.9TDI2.png Graphic file (type png)
<use images/1.9TDI2.png>
Package pdftex.def Info: images/1.9TDI2.png  used on input line 85.
(pdftex.def)             Requested size: 211.99266pt x 119.24586pt.
<images/1.9TDI3.png, id=644, 1927.2pt x 1084.05pt>
File: images/1.9TDI3.png Graphic file (type png)
<use images/1.9TDI3.png>
Package pdftex.def Info: images/1.9TDI3.png  used on input line 91.
(pdftex.def)             Requested size: 211.99266pt x 119.24586pt.
<images/1.9TDI4.png, id=645, 1927.2pt x 1084.05pt>
File: images/1.9TDI4.png Graphic file (type png)
<use images/1.9TDI4.png>
Package pdftex.def Info: images/1.9TDI4.png  used on input line 97.
(pdftex.def)             Requested size: 211.99266pt x 119.24586pt.

Overfull \hbox (2.004pt too wide) in paragraph at lines 77--101
[][] []
 []


Overfull \hbox (2.004pt too wide) in paragraph at lines 77--101
[] [] 
 []



[24 <./images/cary.png> <./images/1.9TDI1.png> <./images/1.9TDI2.png> <./images/1.9TDI3.png> <./images/1.9TDI4.png>]
<images/ParniStrojRender.png, id=658, 1927.2pt x 1084.05pt>
File: images/ParniStrojRender.png Graphic file (type png)
<use images/ParniStrojRender.png>
Package pdftex.def Info: images/ParniStrojRender.png  used on input line 112.
(pdftex.def)             Requested size: 385.43318pt x 216.80615pt.


[25 <./images/ParniStrojRender.png>]
<images/DoosanSkodaPowerMTD50.png, id=670, 192.72pt x 92.7465pt>
File: images/DoosanSkodaPowerMTD50.png Graphic file (type png)
<use images/DoosanSkodaPowerMTD50.png>
Package pdftex.def Info: images/DoosanSkodaPowerMTD50.png  used on input line 127.
(pdftex.def)             Requested size: 385.43903pt x 185.49255pt.
<images/ParniTurbinaRender.png, id=675, 1927.2pt x 1084.05pt>
File: images/ParniTurbinaRender.png Graphic file (type png)
<use images/ParniTurbinaRender.png>
Package pdftex.def Info: images/ParniTurbinaRender.png  used on input line 136.
(pdftex.def)             Requested size: 385.43318pt x 216.80615pt.


[26 <./images/DoosanSkodaPowerMTD50.png> <./images/ParniTurbinaRender.png>]
<images/Skoda1000MBPredek.jpg, id=690, 1003.75pt x 808.01875pt>
File: images/Skoda1000MBPredek.jpg Graphic file (type jpg)
<use images/Skoda1000MBPredek.jpg>
Package pdftex.def Info: images/Skoda1000MBPredek.jpg  used on input line 151.
(pdftex.def)             Requested size: 200.74644pt x 161.60088pt.
<images/Skoda1000MBBok.jpg, id=691, 1003.75pt x 887.315pt>
File: images/Skoda1000MBBok.jpg Graphic file (type jpg)
<use images/Skoda1000MBBok.jpg>
Package pdftex.def Info: images/Skoda1000MBBok.jpg  used on input line 157.
(pdftex.def)             Requested size: 200.74644pt x 177.45985pt.
<images/1000MBRender.png, id=694, 505.89pt x 447.92343pt>
File: images/1000MBRender.png Graphic file (type png)
<use images/1000MBRender.png>
Package pdftex.def Info: images/1000MBRender.png  used on input line 167.
(pdftex.def)             Requested size: 303.53633pt x 268.75612pt.


[27 <./images/Skoda1000MBPredek.jpg> <./images/Skoda1000MBBok.jpg> <./images/1000MBRender.png>]
<images/1.9TDICrossSection.png, id=708, 552.0625pt x 652.4375pt>
File: images/1.9TDICrossSection.png Graphic file (type png)
<use images/1.9TDICrossSection.png>
Package pdftex.def Info: images/1.9TDICrossSection.png  used on input line 181.
(pdftex.def)             Requested size: 165.62003pt x 195.73276pt.
<images/1.9TDILongitudinalSection.png, id=709, 552.0625pt x 652.4375pt>
File: images/1.9TDILongitudinalSection.png Graphic file (type png)
<use images/1.9TDILongitudinalSection.png>
Package pdftex.def Info: images/1.9TDILongitudinalSection.png  used on input line 187.
(pdftex.def)             Requested size: 165.62003pt x 195.73276pt.
File: images/1.9TDI3.png Graphic file (type png)
<use images/1.9TDI3.png>
Package pdftex.def Info: images/1.9TDI3.png  used on input line 197.
(pdftex.def)             Requested size: 385.43318pt x 216.80615pt.


[28 <./images/1.9TDICrossSection.png> <./images/1.9TDILongitudinalSection.png>]
<images/motor175.jpg, id=725, 871.255pt x 655.44875pt>
File: images/motor175.jpg Graphic file (type jpg)
<use images/motor175.jpg>
Package pdftex.def Info: images/motor175.jpg  used on input line 210.
(pdftex.def)             Requested size: 261.37851pt x 196.63614pt.
<images/CZ175Render.png, id=728, 354.57469pt x 373.395pt>
File: images/CZ175Render.png Graphic file (type png)
<use images/CZ175Render.png>
Package pdftex.def Info: images/CZ175Render.png  used on input line 219.
(pdftex.def)             Requested size: 212.74644pt x 224.03873pt.


[29 <./images/motor175.jpg> <./images/CZ175Render.png>]
<images/aim-9-sidewinder.png, id=742, 668.4975pt x 127.47626pt>
File: images/aim-9-sidewinder.png Graphic file (type png)
<use images/aim-9-sidewinder.png>
Package pdftex.def Info: images/aim-9-sidewinder.png  used on input line 232.
(pdftex.def)             Requested size: 334.24792pt x 63.73796pt.
<images/AIM9Render.png, id=745, 689.57625pt x 378.66469pt>
File: images/AIM9Render.png Graphic file (type png)
<use images/AIM9Render.png>
Package pdftex.def Info: images/AIM9Render.png  used on input line 241.
(pdftex.def)             Requested size: 344.78728pt x 189.33188pt.


[30 <./images/aim-9-sidewinder.png> <./images/AIM9Render.png>]
<images/RocketdyneJ2vykres.png, id=759, 1324.95pt x 1023.825pt>
File: images/RocketdyneJ2vykres.png Graphic file (type png)
<use images/RocketdyneJ2vykres.png>
Package pdftex.def Info: images/RocketdyneJ2vykres.png  used on input line 254.
(pdftex.def)             Requested size: 264.9853pt x 204.76137pt.
<images/J2Render.png, id=762, 686.565pt x 385.44pt>
File: images/J2Render.png Graphic file (type png)
<use images/J2Render.png>
Package pdftex.def Info: images/J2Render.png  used on input line 263.
(pdftex.def)             Requested size: 411.94218pt x 231.26578pt.


[31 <./images/RocketdyneJ2vykres.png> <./images/J2Render.png>]
<images/TJ100Vykres.png, id=777, 1075.01625pt x 787.94376pt>
File: images/TJ100Vykres.png Graphic file (type png)
<use images/TJ100Vykres.png>
Package pdftex.def Info: images/TJ100Vykres.png  used on input line 276.
(pdftex.def)             Requested size: 322.50737pt x 236.38495pt.
<images/TJ100Render.png, id=780, 806.26219pt x 444.91219pt>
File: images/TJ100Render.png Graphic file (type png)
<use images/TJ100Render.png>
Package pdftex.def Info: images/TJ100Render.png  used on input line 285.
(pdftex.def)             Requested size: 403.13011pt x 222.45554pt.


[32 <./images/TJ100Vykres.png> <./images/TJ100Render.png>]
<images/CFM56vykres1.png, id=796, 426.59375pt x 262.48062pt>
File: images/CFM56vykres1.png Graphic file (type png)
<use images/CFM56vykres1.png>
Package pdftex.def Info: images/CFM56vykres1.png  used on input line 300.
(pdftex.def)             Requested size: 170.63446pt x 104.99039pt.
<images/CFM56vykres2.png, id=797, 594.22pt x 439.6425pt>
File: images/CFM56vykres2.png Graphic file (type png)
<use images/CFM56vykres2.png>
Package pdftex.def Info: images/CFM56vykres2.png  used on input line 306.
(pdftex.def)             Requested size: 178.26736pt x 131.89375pt.
<images/CFM56Render.png, id=800, 746.79pt x 416.30531pt>
File: images/CFM56Render.png Graphic file (type png)
<use images/CFM56Render.png>
Package pdftex.def Info: images/CFM56Render.png  used on input line 316.
(pdftex.def)             Requested size: 448.07745pt x 249.78511pt.
)

[33 <./images/CFM56vykres1.png> <./images/CFM56vykres2.png> <./images/CFM56Render.png>]
\openout2 = `sections/videa.aux'.

 (./sections/videa.tex

[34



]
<images/MikrofonovaSestava.png, id=820, 4047.12pt x 3035.34pt>
File: images/MikrofonovaSestava.png Graphic file (type png)
<use images/MikrofonovaSestava.png>
Package pdftex.def Info: images/MikrofonovaSestava.png  used on input line 26.
(pdftex.def)             Requested size: 323.77621pt x 242.83215pt.


[35 <./images/MikrofonovaSestava.png>]
<images/PureRef.png, id=830, 1700.3525pt x 1003.75pt>
File: images/PureRef.png Graphic file (type png)
<use images/PureRef.png>
Package pdftex.def Info: images/PureRef.png  used on input line 47.
(pdftex.def)             Requested size: 255.04187pt x 150.556pt.
<images/technickyVykresStartovaciPlosina.jpg, id=831, 637.38126pt x 803.0pt>
File: images/technickyVykresStartovaciPlosina.jpg Graphic file (type jpg)
<use images/technickyVykresStartovaciPlosina.jpg>
Package pdftex.def Info: images/technickyVykresStartovaciPlosina.jpg  used on input line 53.
(pdftex.def)             Requested size: 127.47398pt x 160.59715pt.


[36 <./images/PureRef.png> <./images/technickyVykresStartovaciPlosina.jpg>]
<images/raketaPlatformaModel.png, id=841, 557.08125pt x 521.69907pt>
File: images/raketaPlatformaModel.png Graphic file (type png)
<use images/raketaPlatformaModel.png>
Package pdftex.def Info: images/raketaPlatformaModel.png  used on input line 79.
(pdftex.def)             Requested size: 167.12566pt x 156.51093pt.
<images/raketaPlatformaModelZezadu.png, id=842, 645.91313pt x 524.71031pt>
File: images/raketaPlatformaModelZezadu.png Graphic file (type png)
<use images/raketaPlatformaModelZezadu.png>
Package pdftex.def Info: images/raketaPlatformaModelZezadu.png  used on input line 86.
(pdftex.def)             Requested size: 193.77544pt x 157.41429pt.


[37 <./images/raketaPlatformaModel.png> <./images/raketaPlatformaModelZezadu.png>]
<images/shaderEditor.png, id=852, 674.52pt x 257.46187pt>
File: images/shaderEditor.png Graphic file (type png)
<use images/shaderEditor.png>
Package pdftex.def Info: images/shaderEditor.png  used on input line 125.
(pdftex.def)             Requested size: 303.53119pt x 115.85677pt.


[38 <./images/shaderEditor.png>]
<images/graphEditor.png, id=860, 495.8525pt x 200.24812pt>
File: images/graphEditor.png Graphic file (type png)
<use images/graphEditor.png>
Package pdftex.def Info: images/graphEditor.png  used on input line 138.
(pdftex.def)             Requested size: 247.92564pt x 100.12381pt.
<images/simulaceParametry.png, id=862, 312.16624pt x 595.22375pt>
File: images/simulaceParametry.png Graphic file (type png)
<use images/simulaceParametry.png>
Package pdftex.def Info: images/simulaceParametry.png  used on input line 150.
(pdftex.def)             Requested size: 93.65059pt x 178.5685pt.
<images/simulaceVysledek.png, id=863, 525.965pt x 321.2pt>
File: images/simulaceVysledek.png Graphic file (type png)
<use images/simulaceVysledek.png>
Package pdftex.def Info: images/simulaceVysledek.png  used on input line 155.
(pdftex.def)             Requested size: 315.58142pt x 192.72148pt.

Overfull \hbox (42.43219pt too wide) in paragraph at lines 155--156
 [][] 
 []



[39 <./images/graphEditor.png> <./images/simulaceParametry.png> <./images/simulaceVysledek.png>]

[40]

[41]
<images/grafUvod.png, id=883, 455.0601pt x 87.2058pt>
File: images/grafUvod.png Graphic file (type png)
<use images/grafUvod.png>
Package pdftex.def Info: images/grafUvod.png  used on input line 199.
(pdftex.def)             Requested size: 455.24411pt x 87.24548pt.
File: images/grafUvod.png Graphic file (type png)
<use images/grafUvod.png>
Package pdftex.def Info: images/grafUvod.png  used on input line 203.
(pdftex.def)             Requested size: 455.24411pt x 87.24548pt.
File: images/grafUvod.png Graphic file (type png)
<use images/grafUvod.png>
Package pdftex.def Info: images/grafUvod.png  used on input line 207.
(pdftex.def)             Requested size: 455.24411pt x 87.24548pt.
File: images/grafUvod.png Graphic file (type png)
<use images/grafUvod.png>
Package pdftex.def Info: images/grafUvod.png  used on input line 211.
(pdftex.def)             Requested size: 455.24411pt x 87.24548pt.
File: images/grafUvod.png Graphic file (type png)
<use images/grafUvod.png>
Package pdftex.def Info: images/grafUvod.png  used on input line 215.
(pdftex.def)             Requested size: 455.24411pt x 87.24548pt.


[42 <./images/grafUvod.png>]

[43])

[44]
\openout2 = `sections/prezentace.aux'.

 (./sections/prezentace.tex
<images/tatra813_1.png, id=904, 1927.2pt x 1084.05pt>
File: images/tatra813_1.png Graphic file (type png)
<use images/tatra813_1.png>
Package pdftex.def Info: images/tatra813_1.png  used on input line 11.
(pdftex.def)             Requested size: 211.99266pt x 119.24586pt.
<images/tatra813_5.png, id=905, 1927.2pt x 1084.05pt>
File: images/tatra813_5.png Graphic file (type png)
<use images/tatra813_5.png>
Package pdftex.def Info: images/tatra813_5.png  used on input line 16.
(pdftex.def)             Requested size: 211.99266pt x 119.24586pt.
<images/tatra813_6.png, id=906, 1927.2pt x 1084.05pt>
File: images/tatra813_6.png Graphic file (type png)
<use images/tatra813_6.png>
Package pdftex.def Info: images/tatra813_6.png  used on input line 21.
(pdftex.def)             Requested size: 211.99266pt x 119.24586pt.
<images/tepelneMotoryObecneTatra.png, id=907, 963.6pt x 542.025pt>
File: images/tepelneMotoryObecneTatra.png Graphic file (type png)
<use images/tepelneMotoryObecneTatra.png>
Package pdftex.def Info: images/tepelneMotoryObecneTatra.png  used on input line 26.
(pdftex.def)             Requested size: 211.99266pt x 119.24586pt.

Overfull \hbox (2.004pt too wide) in paragraph at lines 9--29
[][] []
 []


Overfull \hbox (2.004pt too wide) in paragraph at lines 9--29
[] [] 
 []

)

[45



 <./images/tatra813_1.png> <./images/tatra813_5.png> <./images/tatra813_6.png> <./images/tepelneMotoryObecneTatra.png (PNG copy)>]
\openout2 = `sections/pracovniListy.aux'.

 (./sections/pracovniListy.tex)

[46



]
\openout2 = `sections/pouzitiVPraxi.aux'.

 (./sections/pouzitiVPraxi.tex)

[47



]
\openout2 = `sections/zaver.aux'.

 (./sections/zaver.tex)

[48



]
\openout2 = `sections/zdroje.aux'.

 (./sections/zdroje.tex

[49



{/usr/local/texlive/2024/texmf-dist/fonts/enc/dvips/tex-gyre/q-ec-sc.enc}])

[50]
\openout2 = `sections/seznamPriloh.aux'.

 (./sections/seznamPriloh.tex)

[51



]
\openout2 = `sections/prilohy.aux'.

 (./sections/prilohy.tex<<renders/animations/parniStroj.mp4>>
Package hyperref Info: Option `unicode' set `false' on input line 5.
<<renders/gifs/parniStroj.gif>>
Package hyperref Info: Option `unicode' set `false' on input line 5.
<<renders/animations/parniTurbina.mp4>>
Package hyperref Info: Option `unicode' set `false' on input line 8.
<<renders/gifs/parniTurbina.gif>>
Package hyperref Info: Option `unicode' set `false' on input line 8.
<<renders/animations/ctyrdobyZazehovyMotor.mp4>>
Package hyperref Info: Option `unicode' set `false' on input line 11.
<<renders/gifs/ctyrdobyZazehovyMotor.gif>>
Package hyperref Info: Option `unicode' set `false' on input line 11.
<<renders/animations/ctyrdobyVznetovyMotor.mp4>>
Package hyperref Info: Option `unicode' set `false' on input line 14.
<<renders/gifs/ctyrdobyVznetovyMotor.gif>>
Package hyperref Info: Option `unicode' set `false' on input line 14.
<<renders/animations/dvoudobyZazehovyMotor.mp4>>
Package hyperref Info: Option `unicode' set `false' on input line 17.
<<renders/gifs/dvoudobyZazehovyMotor.gif>>
Package hyperref Info: Option `unicode' set `false' on input line 17.
<<renders/animations/raketovyMotorPevny.mp4>>
Package hyperref Info: Option `unicode' set `false' on input line 20.
<<renders/gifs/raketovyMotorPevny.gif>>
Package hyperref Info: Option `unicode' set `false' on input line 20.
<<renders/animations/raketovyMotorKapalny.mp4>>
Package hyperref Info: Option `unicode' set `false' on input line 23.
<<renders/gifs/raketovyMotorKapalny.gif>>
Package hyperref Info: Option `unicode' set `false' on input line 23.
<<renders/animations/proudovyMotor.mp4>>
Package hyperref Info: Option `unicode' set `false' on input line 26.
<<renders/gifs/proudovyMotor.gif>>
Package hyperref Info: Option `unicode' set `false' on input line 26.
<<renders/animations/dvouproudovyMotor.mp4>>
Package hyperref Info: Option `unicode' set `false' on input line 29.
<<renders/gifs/dvouproudovyMotor.gif>>
Package hyperref Info: Option `unicode' set `false' on input line 29.


[52



]<<pracovniListy/pracovniListTepelneMotoryZS.pdf>>
Package hyperref Info: Option `unicode' set `false' on input line 44.
<pracovniListy/pracovniListTepelneMotoryZS.pdf, id=1142, page=1, 597.50829pt x 845.0471pt>
File: pracovniListy/pracovniListTepelneMotoryZS.pdf Graphic file (type pdf)
<use pracovniListy/pracovniListTepelneMotoryZS.pdf, page 1>
Package pdftex.def Info: pracovniListy/pracovniListTepelneMotoryZS.pdf , page1 used on input line 44.
(pdftex.def)             Requested size: 209.13103pt x 295.77092pt.
<pracovniListy/pracovniListTepelneMotoryZS.pdf, id=1144, page=2, 597.50829pt x 845.0471pt>
File: pracovniListy/pracovniListTepelneMotoryZS.pdf Graphic file (type pdf)
<use pracovniListy/pracovniListTepelneMotoryZS.pdf, page 2>
Package pdftex.def Info: pracovniListy/pracovniListTepelneMotoryZS.pdf , page2 used on input line 44.
(pdftex.def)             Requested size: 209.13103pt x 295.77092pt.
<<pracovniListy/pracovniListTepelneMotoryZSreseni.pdf>>
Package hyperref Info: Option `unicode' set `false' on input line 47.
<pracovniListy/pracovniListTepelneMotoryZSreseni.pdf, id=1151, page=1, 597.50829pt x 845.0471pt>
File: pracovniListy/pracovniListTepelneMotoryZSreseni.pdf Graphic file (type pdf)
<use pracovniListy/pracovniListTepelneMotoryZSreseni.pdf, page 1>
Package pdftex.def Info: pracovniListy/pracovniListTepelneMotoryZSreseni.pdf , page1 used on input line 47.
(pdftex.def)             Requested size: 209.13103pt x 295.77092pt.
<pracovniListy/pracovniListTepelneMotoryZSreseni.pdf, id=1153, page=2, 597.50829pt x 845.0471pt>
File: pracovniListy/pracovniListTepelneMotoryZSreseni.pdf Graphic file (type pdf)
<use pracovniListy/pracovniListTepelneMotoryZSreseni.pdf, page 2>
Package pdftex.def Info: pracovniListy/pracovniListTepelneMotoryZSreseni.pdf , page2 used on input line 47.
(pdftex.def)             Requested size: 209.13103pt x 295.77092pt.


[53 <./pracovniListy/pracovniListTepelneMotoryZS.pdf> <./pracovniListy/pracovniListTepelneMotoryZS.pdf> <./pracovniListy/pracovniListTepelneMotoryZSreseni.pdf> <./pracovniListy/pracovniListTepelneMotoryZSreseni.pdf>]<<pracovniListy/pracovniListTepelneMotorySSvarA.pdf>>
Package hyperref Info: Option `unicode' set `false' on input line 51.
<pracovniListy/pracovniListTepelneMotorySSvarA.pdf, id=1269, page=1, 597.50829pt x 845.0471pt>
File: pracovniListy/pracovniListTepelneMotorySSvarA.pdf Graphic file (type pdf)
<use pracovniListy/pracovniListTepelneMotorySSvarA.pdf, page 1>
Package pdftex.def Info: pracovniListy/pracovniListTepelneMotorySSvarA.pdf , page1 used on input line 51.
(pdftex.def)             Requested size: 209.13103pt x 295.77092pt.
<pracovniListy/pracovniListTepelneMotorySSvarA.pdf, id=1271, page=2, 597.50829pt x 845.0471pt>
File: pracovniListy/pracovniListTepelneMotorySSvarA.pdf Graphic file (type pdf)
<use pracovniListy/pracovniListTepelneMotorySSvarA.pdf, page 2>
Package pdftex.def Info: pracovniListy/pracovniListTepelneMotorySSvarA.pdf , page2 used on input line 51.
(pdftex.def)             Requested size: 209.13103pt x 295.77092pt.
<<pracovniListy/pracovniListTepelneMotorySSvarAreseni.pdf>>
Package hyperref Info: Option `unicode' set `false' on input line 54.
<pracovniListy/pracovniListTepelneMotorySSvarAreseni.pdf, id=1278, page=1, 597.50829pt x 845.0471pt>
File: pracovniListy/pracovniListTepelneMotorySSvarAreseni.pdf Graphic file (type pdf)
<use pracovniListy/pracovniListTepelneMotorySSvarAreseni.pdf, page 1>
Package pdftex.def Info: pracovniListy/pracovniListTepelneMotorySSvarAreseni.pdf , page1 used on input line 54.
(pdftex.def)             Requested size: 209.13103pt x 295.77092pt.
<pracovniListy/pracovniListTepelneMotorySSvarAreseni.pdf, id=1280, page=2, 597.50829pt x 845.0471pt>
File: pracovniListy/pracovniListTepelneMotorySSvarAreseni.pdf Graphic file (type pdf)
<use pracovniListy/pracovniListTepelneMotorySSvarAreseni.pdf, page 2>
Package pdftex.def Info: pracovniListy/pracovniListTepelneMotorySSvarAreseni.pdf , page2 used on input line 54.
(pdftex.def)             Requested size: 209.13103pt x 295.77092pt.


[54 <./pracovniListy/pracovniListTepelneMotorySSvarA.pdf> <./pracovniListy/pracovniListTepelneMotorySSvarA.pdf> <./pracovniListy/pracovniListTepelneMotorySSvarAreseni.pdf> <./pracovniListy/pracovniListTepelneMotorySSvarAreseni.pdf>]<<pracovniListy/pracovniListTepelneMotorySSvarB.pdf>>
Package hyperref Info: Option `unicode' set `false' on input line 58.
<pracovniListy/pracovniListTepelneMotorySSvarB.pdf, id=1360, page=1, 597.50829pt x 845.0471pt>
File: pracovniListy/pracovniListTepelneMotorySSvarB.pdf Graphic file (type pdf)
<use pracovniListy/pracovniListTepelneMotorySSvarB.pdf, page 1>
Package pdftex.def Info: pracovniListy/pracovniListTepelneMotorySSvarB.pdf , page1 used on input line 58.
(pdftex.def)             Requested size: 209.13103pt x 295.77092pt.
<pracovniListy/pracovniListTepelneMotorySSvarB.pdf, id=1362, page=2, 597.50829pt x 845.0471pt>
File: pracovniListy/pracovniListTepelneMotorySSvarB.pdf Graphic file (type pdf)
<use pracovniListy/pracovniListTepelneMotorySSvarB.pdf, page 2>
Package pdftex.def Info: pracovniListy/pracovniListTepelneMotorySSvarB.pdf , page2 used on input line 58.
(pdftex.def)             Requested size: 209.13103pt x 295.77092pt.
<<pracovniListy/pracovniListTepelneMotorySSvarBreseni.pdf>>
Package hyperref Info: Option `unicode' set `false' on input line 61.
<pracovniListy/pracovniListTepelneMotorySSvarBreseni.pdf, id=1369, page=1, 597.50829pt x 845.0471pt>
File: pracovniListy/pracovniListTepelneMotorySSvarBreseni.pdf Graphic file (type pdf)
<use pracovniListy/pracovniListTepelneMotorySSvarBreseni.pdf, page 1>
Package pdftex.def Info: pracovniListy/pracovniListTepelneMotorySSvarBreseni.pdf , page1 used on input line 61.
(pdftex.def)             Requested size: 209.13103pt x 295.77092pt.
<pracovniListy/pracovniListTepelneMotorySSvarBreseni.pdf, id=1371, page=2, 597.50829pt x 845.0471pt>
File: pracovniListy/pracovniListTepelneMotorySSvarBreseni.pdf Graphic file (type pdf)
<use pracovniListy/pracovniListTepelneMotorySSvarBreseni.pdf, page 2>
Package pdftex.def Info: pracovniListy/pracovniListTepelneMotorySSvarBreseni.pdf , page2 used on input line 61.
(pdftex.def)             Requested size: 209.13103pt x 295.77092pt.
)

[55 <./pracovniListy/pracovniListTepelneMotorySSvarB.pdf> <./pracovniListy/pracovniListTepelneMotorySSvarB.pdf> <./pracovniListy/pracovniListTepelneMotorySSvarBreseni.pdf> <./pracovniListy/pracovniListTepelneMotorySSvarBreseni.pdf>] (./main.aux (./sections/uvodniStrany.aux) (./sections/teorieTepelnychMotoru.aux) (./sections/parniMotory.aux) (./sections/spalovaciMotory.aux) (./sections/reaktivniMotory.aux) (./sections/praktickaCast.aux) (./sections/animace.aux) (./sections/videa.aux) (./sections/prezentace.aux) (./sections/pracovniListy.aux) (./sections/pouzitiVPraxi.aux) (./sections/zaver.aux) (./sections/zdroje.aux) (./sections/seznamPriloh.aux) (./sections/prilohy.aux))
 ***********
LaTeX2e <2024-06-01> patch level 2
L3 programming layer <2024-09-10>
 ***********
Package rerunfilecheck Info: File `main.out' has not changed.
(rerunfilecheck)             Checksum: E280DB4B37CECF93DBD206A106AC21F0;10873.
Package logreq Info: Writing requests to 'main.run.xml'.
\openout1 = `main.run.xml'.

 )
(\end occurred inside a group at level 1)

### simple group (level 1) entered at line 2 ({)
### bottom level 
Here is how much of TeX's memory you used:
 39065 strings out of 473579
 769993 string characters out of 5728228
 1643976 words of memory out of 5000000
 60992 multiletter control sequences out of 15000+600000
 603355 words of font info for 86 fonts, out of 8000000 for 9000
 1141 hyphenation exceptions out of 8191
 98i,10n,101p,1224b,3082s stack positions out of 10000i,1000n,20000p,200000b,200000s
</usr/local/texlive/2024/texmf-dist/fonts/type1/public/amsfonts/cm/cmmi12.pfb></usr/local/texlive/2024/texmf-dist/fonts/type1/public/amsfonts/cm/cmmi8.pfb></usr/local/texlive/2024/texmf-dist/fonts/type1/public/amsfonts/cm/cmr12.pfb></usr/local/texlive/2024/texmf-dist/fonts/type1/public/amsfonts/cm/cmr8.pfb></usr/local/texlive/2024/texmf-dist/fonts/type1/public/amsfonts/cm/cmsy10.pfb></usr/local/texlive/2024/texmf-dist/fonts/type1/public/amsfonts/euler/eurm10.pfb></usr/local/texlive/2024/texmf-dist/fonts/type1/public/tex-gyre/qtmb.pfb></usr/local/texlive/2024/texmf-dist/fonts/type1/public/tex-gyre/qtmr.pfb></usr/local/texlive/2024/texmf-dist/fonts/type1/public/tex-gyre/qtmri.pfb></usr/local/texlive/2024/texmf-dist/fonts/type1/public/cm-super/sftt1095.pfb></usr/local/texlive/2024/texmf-dist/fonts/type1/public/cm-super/sftt1200.pfb></usr/local/texlive/2024/texmf-dist/fonts/type1/urw/courier/ucrr8a.pfb></usr/local/texlive/2024/texmf-dist/fonts/type1/urw/times/utmb8a.pfb></usr/local/texlive/2024/texmf-dist/fonts/type1/urw/times/utmr8a.pfb></usr/local/texlive/2024/texmf-dist/fonts/type1/public/wasy-type1/wasy10.pfb>
Output written on main.pdf (55 pages, 348478835 bytes).
PDF statistics:
 1528 PDF objects out of 1728 (max. 8388607)
 1205 compressed objects within 13 object streams
 258 named destinations out of 1000 (max. 500000)
 1358 words of extra memory for PDF output out of 10000 (max. 10000000)

